# IOReport telemetry  interval=250ms  csv=/Users/vanreece/dev/metal_ml_lab/experiments/013-pwrctrl-recipe-sweep/raw/20260428T222216.csv  states_csv=/Users/vanreece/dev/metal_ml_lab/experiments/013-pwrctrl-recipe-sweep/raw/20260428T222216-states.csv
# Ctrl-C to stop
# time        gpu mW    cpu mW    ane mW   dram mW   amcc mW    dcs mW    afr mW   disp mW    isp mW    ave mW  gpu_sram mW
  22:22:17    134 mW    722 mW      0 mW    410 mW    663 mW    684 mW     10 mW    310 mW      3 mW      0 mW      0 mW
  22:22:18    126 mW   1840 mW      0 mW    491 mW    777 mW    880 mW      9 mW    311 mW      0 mW      2 mW      0 mW
  22:22:18    143 mW   1888 mW      0 mW    509 mW    779 mW    847 mW      9 mW    335 mW      2 mW      2 mW      0 mW
  22:22:18    105 mW   2325 mW      0 mW    611 mW    918 mW    987 mW      9 mW    321 mW      2 mW      2 mW      0 mW
  22:22:19    125 mW   2496 mW      0 mW    571 mW    897 mW    925 mW      9 mW    317 mW      2 mW      2 mW      0 mW
  22:22:19    120 mW   2007 mW      0 mW    524 mW    754 mW    888 mW      9 mW    323 mW      2 mW      2 mW      0 mW
  22:22:20    102 mW   2231 mW      0 mW    553 mW    765 mW    898 mW      7 mW    312 mW      2 mW      2 mW      0 mW
  22:22:20    107 mW   1861 mW      0 mW    530 mW    682 mW    951 mW      9 mW    318 mW      2 mW      0 mW      0 mW
  22:22:21    138 mW   1887 mW      0 mW    505 mW    717 mW    918 mW     12 mW    323 mW      2 mW      2 mW      0 mW
  22:22:21    115 mW   1747 mW      0 mW    506 mW    826 mW   1008 mW      7 mW    324 mW      0 mW      2 mW      0 mW
  22:22:21    117 mW   1783 mW      0 mW    474 mW    714 mW    828 mW      9 mW    325 mW      2 mW      2 mW      0 mW
  22:22:22    107 mW   1902 mW      0 mW    481 mW    707 mW    883 mW      7 mW    315 mW      2 mW      2 mW      0 mW
  22:22:22    143 mW   1770 mW      0 mW    440 mW    648 mW    718 mW     12 mW    325 mW      2 mW      2 mW      0 mW
  22:22:23    109 mW   1925 mW      0 mW    467 mW    693 mW    769 mW      9 mW    322 mW      2 mW      2 mW      0 mW
  22:22:23    649 mW   3342 mW      0 mW    743 mW   1262 mW   1713 mW     45 mW    329 mW      2 mW      0 mW      0 mW
  22:22:24    489 mW   4306 mW      0 mW    772 mW   1359 mW   1829 mW     54 mW    318 mW      2 mW      2 mW      0 mW
  22:22:24    609 mW   4150 mW      0 mW    765 mW   1372 mW   1829 mW     60 mW    322 mW      0 mW      2 mW      0 mW
  22:22:24    375 mW   4621 mW      0 mW    806 mW   1396 mW   1872 mW     40 mW    323 mW      2 mW      2 mW      0 mW
  22:22:25    555 mW   4098 mW      0 mW    763 mW   1386 mW   1823 mW     42 mW    318 mW      2 mW      2 mW      0 mW
  22:22:25    465 mW   4047 mW      0 mW    750 mW   1351 mW   1814 mW     49 mW    320 mW      2 mW      2 mW      0 mW
  22:22:26    473 mW   4117 mW      0 mW    735 mW   1320 mW   1820 mW     46 mW    318 mW      2 mW      2 mW      0 mW
  22:22:26    462 mW   3772 mW      0 mW    659 mW   1230 mW   1731 mW     48 mW    310 mW      2 mW      0 mW      0 mW
  22:22:27    505 mW   4424 mW      0 mW    790 mW   1435 mW   1914 mW     49 mW    336 mW      2 mW      2 mW      0 mW
  22:22:27    651 mW   4164 mW      0 mW    729 mW   1359 mW   1802 mW     62 mW    317 mW      0 mW      2 mW      0 mW
  22:22:27    419 mW   4015 mW      0 mW    728 mW   1324 mW   1824 mW     44 mW    321 mW      2 mW      2 mW      0 mW
  22:22:28    533 mW   3994 mW      0 mW    730 mW   1312 mW   1811 mW     41 mW    324 mW      2 mW      2 mW      0 mW
  22:22:28    828 mW   3608 mW      0 mW    733 mW   1305 mW   1824 mW     72 mW    320 mW      2 mW      2 mW      0 mW
  22:22:29    394 mW   4871 mW      0 mW    753 mW   1330 mW   1830 mW     33 mW    323 mW      2 mW      2 mW      0 mW
  22:22:29    835 mW   3489 mW      0 mW    689 mW   1283 mW   1805 mW     72 mW    319 mW      2 mW      0 mW      0 mW
  22:22:30    883 mW   3701 mW      0 mW    726 mW   1311 mW   1831 mW     72 mW    326 mW      2 mW      2 mW      0 mW
  22:22:30   1086 mW   3152 mW      0 mW    647 mW   1278 mW   1770 mW     88 mW    320 mW      0 mW      2 mW      0 mW
  22:22:30    985 mW   3330 mW      0 mW    687 mW   1291 mW   1790 mW     87 mW    319 mW      2 mW      2 mW      0 mW
  22:22:31   1020 mW   3143 mW      0 mW    660 mW   1296 mW   1811 mW     81 mW    329 mW      2 mW      2 mW      0 mW
  22:22:31    973 mW   3241 mW      0 mW    666 mW   1291 mW   1797 mW     80 mW    320 mW      2 mW      2 mW      0 mW
  22:22:32    813 mW   4000 mW      0 mW    723 mW   1328 mW   1818 mW     71 mW    323 mW      2 mW      0 mW      0 mW
  22:22:32    934 mW   3345 mW      0 mW    742 mW   1361 mW   1805 mW     73 mW    317 mW      2 mW      2 mW      0 mW
  22:22:32    810 mW   3550 mW      0 mW    757 mW   1365 mW   1846 mW     67 mW    324 mW      0 mW      2 mW      0 mW
  22:22:33    559 mW   2975 mW      0 mW    639 mW   1256 mW   1741 mW     52 mW    324 mW      2 mW      2 mW      0 mW
  22:22:33    393 mW   2631 mW      0 mW    628 mW   1120 mW   1499 mW     29 mW    318 mW      2 mW      2 mW      0 mW
  22:22:34    380 mW   2379 mW      0 mW    518 mW    921 mW   1172 mW     30 mW    315 mW      2 mW      2 mW      0 mW
  22:22:34    364 mW   2250 mW      0 mW    493 mW    858 mW   1175 mW     28 mW    322 mW      2 mW      2 mW      0 mW
  22:22:35    371 mW   2420 mW      0 mW    526 mW    889 mW   1247 mW     30 mW    319 mW      2 mW      0 mW      0 mW
  22:22:35    379 mW   2523 mW      0 mW    593 mW   1033 mW   1369 mW     29 mW    328 mW      2 mW      2 mW      0 mW
  22:22:35    384 mW   2556 mW      0 mW    618 mW   1014 mW   1418 mW     30 mW    319 mW      0 mW      2 mW      0 mW
  22:22:36    357 mW   2395 mW      0 mW    550 mW    986 mW   1258 mW     28 mW    321 mW      2 mW      2 mW      0 mW
  22:22:36    357 mW   2469 mW      0 mW    624 mW    994 mW   1313 mW     30 mW    310 mW      2 mW      2 mW      0 mW
  22:22:37    380 mW   2388 mW      0 mW    494 mW    862 mW   1136 mW     27 mW    322 mW      2 mW      2 mW      0 mW
  22:22:37    390 mW   2893 mW      0 mW    665 mW   1055 mW   1410 mW     31 mW    337 mW      2 mW      2 mW      0 mW
  22:22:38    363 mW   2670 mW      0 mW    599 mW   1039 mW   1318 mW     29 mW    320 mW      2 mW      0 mW      0 mW
  22:22:38    359 mW   2120 mW      0 mW    466 mW    794 mW   1084 mW     27 mW    305 mW      2 mW      2 mW      0 mW
  22:22:38    377 mW   1944 mW      0 mW    540 mW    778 mW   1043 mW     32 mW    332 mW      0 mW      2 mW      0 mW
  22:22:39    346 mW   1646 mW      0 mW    404 mW    665 mW    847 mW     28 mW    322 mW      2 mW      2 mW      0 mW
  22:22:39    376 mW   1782 mW      0 mW    450 mW    799 mW    918 mW     28 mW    326 mW      2 mW      2 mW      0 mW
  22:22:40    342 mW   1704 mW      0 mW    404 mW    685 mW    824 mW     27 mW    308 mW      2 mW      2 mW      0 mW
  22:22:40    373 mW   1819 mW      0 mW    466 mW    773 mW    934 mW     30 mW    328 mW      2 mW      2 mW      0 mW
  22:22:41    375 mW   1759 mW      0 mW    469 mW    743 mW   1013 mW     30 mW    331 mW      2 mW      0 mW      0 mW
  22:22:41    386 mW   1720 mW      0 mW    478 mW    834 mW   1040 mW     30 mW    319 mW      2 mW      2 mW      0 mW
  22:22:42    363 mW   1854 mW      0 mW    441 mW    702 mW    900 mW     28 mW    326 mW      0 mW      2 mW      0 mW
  22:22:42    347 mW   1773 mW      0 mW    389 mW    652 mW    725 mW     29 mW    310 mW      2 mW      2 mW      0 mW
  22:22:42    373 mW   1744 mW      0 mW    473 mW    781 mW    995 mW     29 mW    319 mW      2 mW      2 mW      0 mW
  22:22:43    365 mW   1840 mW      0 mW    513 mW    806 mW    944 mW     29 mW    340 mW      2 mW      2 mW      0 mW
  22:22:43    637 mW   3150 mW      0 mW    662 mW   1213 mW   1620 mW     47 mW    325 mW      2 mW      2 mW      0 mW
  22:22:44    715 mW   3814 mW      0 mW    737 mW   1276 mW   1756 mW     68 mW    309 mW      2 mW      2 mW      0 mW
  22:22:44    571 mW   3784 mW      0 mW    705 mW   1299 mW   1850 mW     56 mW    334 mW      2 mW      0 mW      0 mW
  22:22:45    440 mW   3815 mW      0 mW    691 mW   1250 mW   1793 mW     48 mW    324 mW      2 mW      2 mW      0 mW
  22:22:45    411 mW   3734 mW      0 mW    663 mW   1217 mW   1758 mW     28 mW    319 mW      0 mW      2 mW      0 mW
  22:22:45    552 mW   3626 mW      0 mW    667 mW   1216 mW   1740 mW     46 mW    315 mW      2 mW      2 mW      0 mW
  22:22:46    653 mW   3785 mW      0 mW    697 mW   1286 mW   1830 mW     59 mW    331 mW      2 mW      2 mW      0 mW
  22:22:46    678 mW   3658 mW      0 mW    664 mW   1236 mW   1780 mW     61 mW    322 mW      2 mW      2 mW      0 mW
  22:22:47    653 mW   3851 mW      0 mW    693 mW   1261 mW   1790 mW     64 mW    324 mW      2 mW      0 mW      0 mW
  22:22:47    503 mW   4056 mW      0 mW    735 mW   1302 mW   1808 mW     49 mW    318 mW      2 mW      2 mW      0 mW
  22:22:48    405 mW   3736 mW      0 mW    701 mW   1242 mW   1790 mW     31 mW    326 mW      0 mW      2 mW      0 mW
  22:22:48    522 mW   3388 mW      0 mW    645 mW   1212 mW   1752 mW     38 mW    319 mW      2 mW      2 mW      0 mW
  22:22:48    994 mW   3392 mW      0 mW    677 mW   1265 mW   1802 mW     81 mW    323 mW      2 mW      2 mW      0 mW
  22:22:49    861 mW   3599 mW      0 mW    767 mW   1333 mW   1835 mW     73 mW    321 mW      2 mW      2 mW      0 mW
  22:22:49    977 mW   3241 mW      0 mW    691 mW   1303 mW   1814 mW     81 mW    325 mW      2 mW      2 mW      0 mW
  22:22:50    720 mW   3183 mW      0 mW    684 mW   1280 mW   1784 mW     64 mW    317 mW      2 mW      0 mW      0 mW
  22:22:50    971 mW   3155 mW      0 mW    685 mW   1301 mW   1800 mW     80 mW    324 mW      2 mW      2 mW      0 mW
  22:22:50    765 mW   3297 mW      0 mW    727 mW   1329 mW   1810 mW     62 mW    319 mW      0 mW      2 mW      0 mW
  22:22:51    787 mW   3207 mW      0 mW    730 mW   1336 mW   1814 mW     69 mW    321 mW      2 mW      2 mW      0 mW
  22:22:51    805 mW   3128 mW      0 mW    698 mW   1302 mW   1798 mW     65 mW    319 mW      2 mW      2 mW      0 mW
  22:22:52    834 mW   3421 mW      0 mW    758 mW   1376 mW   1814 mW     66 mW    322 mW      2 mW      2 mW      0 mW
  22:22:52    955 mW   3434 mW      0 mW    764 mW   1399 mW   1842 mW     82 mW    321 mW      2 mW      0 mW      0 mW
  22:22:53   1092 mW   3390 mW      0 mW    744 mW   1337 mW   1814 mW     86 mW    322 mW      2 mW      2 mW      0 mW
  22:22:53    573 mW   2720 mW      0 mW    619 mW   1231 mW   1666 mW     50 mW    321 mW      0 mW      2 mW      0 mW
  22:22:53    396 mW   2309 mW      0 mW    524 mW   1006 mW   1256 mW     31 mW    317 mW      2 mW      2 mW      0 mW
  22:22:54    393 mW   2566 mW      0 mW    605 mW   1030 mW   1315 mW     30 mW    320 mW      2 mW      2 mW      0 mW
  22:22:54    396 mW   2415 mW      0 mW    570 mW    996 mW   1317 mW     31 mW    323 mW      2 mW      2 mW      0 mW
  22:22:55    380 mW   2393 mW      0 mW    530 mW    898 mW   1235 mW     27 mW    310 mW      2 mW      0 mW      0 mW
  22:22:55    409 mW   2220 mW      0 mW    529 mW    934 mW   1293 mW     30 mW    322 mW      2 mW      2 mW      0 mW
  22:22:56    386 mW   2355 mW      0 mW    541 mW    982 mW   1325 mW     30 mW    325 mW      2 mW      2 mW      0 mW
  22:22:56    396 mW   2080 mW      0 mW    486 mW    880 mW   1196 mW     29 mW    318 mW      0 mW      2 mW      0 mW
  22:22:56    392 mW   2272 mW      0 mW    516 mW    870 mW   1192 mW     30 mW    329 mW      2 mW      2 mW      0 mW
  22:22:57    383 mW   2350 mW      0 mW    540 mW    996 mW   1347 mW     31 mW    330 mW      2 mW      2 mW      0 mW
  22:22:57    394 mW   2324 mW      0 mW    524 mW    887 mW   1139 mW     29 mW    324 mW      2 mW      2 mW      0 mW
  22:22:58    389 mW   2478 mW      0 mW    545 mW    913 mW   1274 mW     29 mW    320 mW      2 mW      2 mW      0 mW
  22:22:58    387 mW   1990 mW      0 mW    461 mW    755 mW   1002 mW     30 mW    308 mW      2 mW      0 mW      0 mW
  22:22:59    379 mW   1817 mW      0 mW    473 mW    718 mW    878 mW     32 mW    317 mW      2 mW      2 mW      0 mW
  22:22:59    413 mW   1866 mW      0 mW    536 mW    817 mW   1002 mW     33 mW    335 mW      0 mW      2 mW      0 mW
  22:22:59    394 mW   2082 mW      0 mW    521 mW    810 mW    939 mW     31 mW    327 mW      2 mW      2 mW      0 mW
  22:23:00    373 mW   2067 mW      0 mW    532 mW    787 mW   1073 mW     31 mW    317 mW      2 mW      2 mW      0 mW
  22:23:00    394 mW   1706 mW      0 mW    395 mW    610 mW    765 mW     32 mW    321 mW      2 mW      2 mW      0 mW
  22:23:01    361 mW   1679 mW      0 mW    415 mW    673 mW    853 mW     27 mW    307 mW      2 mW      2 mW      0 mW
  22:23:01    400 mW   1583 mW      0 mW    445 mW    775 mW    978 mW     33 mW    325 mW      2 mW      0 mW      0 mW
  22:23:02    379 mW   1647 mW      0 mW    414 mW    706 mW    873 mW     31 mW    321 mW      2 mW      2 mW      0 mW
  22:23:02    384 mW   1558 mW      0 mW    424 mW    739 mW    931 mW     29 mW    325 mW      2 mW      2 mW      0 mW
  22:23:03    393 mW   2106 mW      0 mW    532 mW    799 mW   1019 mW     31 mW    325 mW      0 mW      2 mW      0 mW
  22:23:03    423 mW   1794 mW      0 mW    444 mW    800 mW    914 mW     33 mW    335 mW      2 mW      2 mW      0 mW
  22:23:03    481 mW   2087 mW      0 mW    461 mW   1014 mW   1012 mW     37 mW    315 mW      2 mW      2 mW      0 mW
  22:23:04    809 mW   2830 mW      0 mW    625 mW   1199 mW   1503 mW     71 mW    322 mW      2 mW      2 mW      0 mW
  22:23:04    517 mW   2867 mW      0 mW    566 mW   1184 mW   1375 mW     54 mW    331 mW      2 mW      2 mW      0 mW
  22:23:05    499 mW   2431 mW      0 mW    537 mW   1135 mW   1162 mW     39 mW    328 mW      2 mW      2 mW      0 mW
  22:23:05    487 mW   2571 mW      0 mW    565 mW   1146 mW   1306 mW     49 mW    318 mW      2 mW      0 mW      0 mW
  22:23:06    413 mW   2405 mW      0 mW    556 mW   1148 mW   1273 mW     34 mW    321 mW      0 mW      2 mW      0 mW
  22:23:06    663 mW   2316 mW      0 mW    562 mW   1168 mW   1334 mW     48 mW    327 mW      2 mW      2 mW      0 mW
  22:23:06    650 mW   2877 mW      0 mW    557 mW   1100 mW   1334 mW     62 mW    317 mW      2 mW      2 mW      0 mW
  22:23:07    731 mW   3028 mW      0 mW    571 mW   1132 mW   1404 mW     67 mW    325 mW      2 mW      2 mW      0 mW
  22:23:07    744 mW   2978 mW      0 mW    573 mW   1168 mW   1412 mW     70 mW    321 mW      2 mW      2 mW      0 mW
  22:23:08    447 mW   2640 mW      0 mW    519 mW   1044 mW   1328 mW     43 mW    304 mW      2 mW      0 mW      0 mW
  22:23:08    620 mW   2368 mW      0 mW    532 mW   1161 mW   1260 mW     48 mW    341 mW      2 mW      2 mW      0 mW
  22:23:08    790 mW   2866 mW      0 mW    592 mW   1167 mW   1497 mW     75 mW    320 mW      0 mW      2 mW      0 mW
  22:23:09    838 mW   2791 mW      0 mW    632 mW   1219 mW   1611 mW     70 mW    316 mW      2 mW      2 mW      0 mW
  22:23:09    923 mW   2642 mW      0 mW    568 mW   1149 mW   1525 mW     76 mW    314 mW      2 mW      2 mW      0 mW
  22:23:10    961 mW   3001 mW      0 mW    660 mW   1301 mW   1672 mW     79 mW    337 mW      2 mW      2 mW      0 mW
  22:23:10    834 mW   2722 mW      0 mW    584 mW   1184 mW   1526 mW     73 mW    322 mW      2 mW      0 mW      0 mW
  22:23:11    892 mW   2868 mW      0 mW    663 mW   1290 mW   1711 mW     74 mW    321 mW      2 mW      2 mW      0 mW
  22:23:11    818 mW   2749 mW      0 mW    601 mW   1216 mW   1571 mW     69 mW    317 mW      0 mW      2 mW      0 mW
  22:23:11    906 mW   2696 mW      0 mW    570 mW   1178 mW   1554 mW     75 mW    326 mW      2 mW      2 mW      0 mW
  22:23:12    807 mW   2672 mW      0 mW    563 mW   1114 mW   1484 mW     69 mW    308 mW      2 mW      2 mW      0 mW
  22:23:12    993 mW   2910 mW      0 mW    664 mW   1325 mW   1727 mW     79 mW    335 mW      2 mW      2 mW      0 mW
  22:23:13    849 mW   2774 mW      0 mW    612 mW   1161 mW   1514 mW     69 mW    307 mW      2 mW      2 mW      0 mW
  22:23:13    566 mW   2431 mW      0 mW    550 mW   1089 mW   1404 mW     51 mW    330 mW      2 mW      0 mW      0 mW
  22:23:14    405 mW   1980 mW      0 mW    464 mW    884 mW   1074 mW     32 mW    308 mW      2 mW      2 mW      0 mW
  22:23:14    438 mW   2081 mW      0 mW    479 mW    926 mW    988 mW     36 mW    336 mW      0 mW      2 mW      0 mW
  22:23:14    386 mW   1874 mW      0 mW    424 mW    805 mW    977 mW     29 mW    304 mW      2 mW      2 mW      0 mW
  22:23:15    439 mW   2042 mW      0 mW    493 mW    889 mW   1171 mW     34 mW    326 mW      2 mW      2 mW      0 mW
  22:23:15    433 mW   2056 mW      0 mW    476 mW    950 mW    999 mW     36 mW    339 mW      2 mW      2 mW      0 mW
  22:23:16    429 mW   2139 mW      0 mW    481 mW    896 mW   1082 mW     33 mW    322 mW      2 mW      2 mW      0 mW
  22:23:16    420 mW   1916 mW      0 mW    473 mW    951 mW   1155 mW     33 mW    323 mW      2 mW      0 mW      0 mW
  22:23:17    423 mW   2054 mW      0 mW    469 mW    845 mW   1044 mW     32 mW    312 mW      2 mW      2 mW      0 mW
  22:23:17    428 mW   1981 mW      0 mW    441 mW    884 mW   1019 mW     33 mW    331 mW      0 mW      2 mW      0 mW
  22:23:17    409 mW   2004 mW      0 mW    492 mW    927 mW   1144 mW     33 mW    322 mW      2 mW      2 mW      0 mW
  22:23:18    420 mW   2486 mW      0 mW    526 mW    969 mW   1138 mW     32 mW    318 mW      2 mW      2 mW      0 mW
  22:23:18    394 mW   1913 mW      0 mW    490 mW    787 mW    984 mW     32 mW    320 mW      2 mW      2 mW      0 mW
  22:23:19    389 mW   1783 mW      0 mW    452 mW    742 mW    902 mW     29 mW    313 mW      2 mW      2 mW      0 mW
  22:23:19    397 mW   1630 mW      0 mW    449 mW    840 mW    980 mW     33 mW    326 mW      2 mW      0 mW      0 mW
  22:23:20    419 mW   2241 mW      0 mW    617 mW    905 mW   1260 mW     32 mW    329 mW      2 mW      2 mW      0 mW
  22:23:20    407 mW   1848 mW      0 mW    482 mW    806 mW   1049 mW     31 mW    334 mW      0 mW      2 mW      0 mW
  22:23:20    403 mW   1925 mW      0 mW    452 mW    746 mW    887 mW     30 mW    325 mW      2 mW      2 mW      0 mW
  22:23:21    404 mW   1993 mW      0 mW    489 mW    773 mW    980 mW     31 mW    334 mW      2 mW      2 mW      0 mW
  22:23:21    389 mW   1897 mW      0 mW    484 mW    737 mW    943 mW     31 mW    309 mW      2 mW      2 mW      0 mW
  22:23:22    416 mW   1998 mW      0 mW    481 mW    722 mW    920 mW     31 mW    332 mW      2 mW      2 mW      0 mW
  22:23:22    435 mW   1913 mW      0 mW    481 mW    760 mW    899 mW     33 mW    343 mW      2 mW      0 mW      0 mW
  22:23:23    397 mW   1971 mW      0 mW    498 mW    730 mW    938 mW     31 mW    315 mW      2 mW      2 mW      0 mW
  22:23:23    857 mW   1967 mW      0 mW    544 mW   1059 mW   1167 mW     58 mW    352 mW      2 mW      2 mW      0 mW
  22:23:23    719 mW   2215 mW      0 mW    584 mW   1246 mW   1335 mW     70 mW    326 mW      0 mW      2 mW      0 mW
  22:23:24    836 mW   2115 mW      0 mW    570 mW   1231 mW   1300 mW     71 mW    328 mW      2 mW      2 mW      0 mW
  22:23:24    605 mW   4321 mW      0 mW    804 mW   1390 mW   1674 mW     60 mW    330 mW      2 mW      2 mW      0 mW
  22:23:25    708 mW   3289 mW      0 mW    636 mW   1247 mW   1304 mW     50 mW    316 mW      2 mW      2 mW      0 mW
  22:23:25    780 mW   2078 mW      0 mW    560 mW   1258 mW   1250 mW     70 mW    343 mW      2 mW      0 mW      0 mW
  22:23:26    592 mW   2103 mW      0 mW    546 mW   1196 mW   1210 mW     59 mW    324 mW      2 mW      2 mW      0 mW
  22:23:26    733 mW   1986 mW      0 mW    485 mW   1153 mW   1010 mW     55 mW    317 mW      0 mW      2 mW      0 mW
  22:23:26    880 mW   2072 mW      0 mW    574 mW   1255 mW   1387 mW     79 mW    348 mW      2 mW      2 mW      0 mW
  22:23:27    745 mW   2246 mW      0 mW    567 mW   1220 mW   1259 mW     69 mW    311 mW      2 mW      2 mW      0 mW
  22:23:27    758 mW   2080 mW      0 mW    582 mW   1274 mW   1286 mW     69 mW    345 mW      2 mW      2 mW      0 mW
  22:23:28    563 mW   2103 mW      0 mW    542 mW   1199 mW   1208 mW     52 mW    325 mW      2 mW      2 mW      0 mW
  22:23:28    487 mW   1819 mW      0 mW    451 mW   1086 mW    878 mW     38 mW    314 mW      2 mW      0 mW      0 mW
  22:23:29    493 mW   1959 mW      0 mW    523 mW   1230 mW   1029 mW     36 mW    345 mW      2 mW      2 mW      0 mW
  22:23:29    731 mW   1845 mW      0 mW    495 mW   1166 mW   1103 mW     53 mW    332 mW      0 mW      2 mW      0 mW
  22:23:29    860 mW   2177 mW      0 mW    576 mW   1212 mW   1335 mW     70 mW    329 mW      2 mW      2 mW      0 mW
  22:23:30    801 mW   2447 mW      0 mW    611 mW   1228 mW   1300 mW     74 mW    328 mW      2 mW      2 mW      0 mW
  22:23:30    665 mW   2063 mW      0 mW    546 mW   1181 mW   1178 mW     60 mW    327 mW      2 mW      2 mW      0 mW
  22:23:31    542 mW   2302 mW      0 mW    634 mW   1277 mW   1289 mW     54 mW    329 mW      2 mW      0 mW      0 mW
  22:23:31    458 mW   1950 mW      0 mW    492 mW   1178 mW    885 mW     35 mW    327 mW      2 mW      2 mW      0 mW
  22:23:31    560 mW   1921 mW      0 mW    520 mW   1180 mW   1067 mW     48 mW    331 mW      0 mW      2 mW      0 mW
  22:23:32    694 mW   1972 mW      0 mW    545 mW   1191 mW   1254 mW     50 mW    329 mW      2 mW      2 mW      0 mW
  22:23:32    764 mW   2137 mW      0 mW    613 mW   1261 mW   1368 mW     66 mW    328 mW      2 mW      2 mW      0 mW
  22:23:33    791 mW   3103 mW      0 mW    700 mW   1296 mW   1471 mW     72 mW    326 mW      2 mW      2 mW      0 mW
  22:23:33    502 mW   2013 mW      0 mW    561 mW   1088 mW   1280 mW     54 mW    329 mW      2 mW      0 mW      0 mW
  22:23:34    501 mW   2683 mW      0 mW    689 mW   1236 mW   1421 mW     43 mW    330 mW      2 mW      2 mW      0 mW
  22:23:34    429 mW   1853 mW      0 mW    445 mW   1024 mW    878 mW     33 mW    326 mW      0 mW      2 mW      0 mW
  22:23:34    422 mW   1739 mW      0 mW    461 mW   1083 mW    981 mW     31 mW    330 mW      2 mW      2 mW      0 mW
  22:23:35    424 mW   1970 mW      0 mW    491 mW   1031 mW    956 mW     31 mW    326 mW      2 mW      2 mW      0 mW
  22:23:35    432 mW   1760 mW      0 mW    482 mW   1051 mW   1037 mW     31 mW    329 mW      2 mW      2 mW      0 mW
  22:23:36    421 mW   1770 mW      0 mW    485 mW   1096 mW   1004 mW     30 mW    325 mW      2 mW      2 mW      0 mW
  22:23:36    437 mW   1788 mW      0 mW    493 mW   1040 mW   1075 mW     31 mW    333 mW      2 mW      0 mW      0 mW
  22:23:37    436 mW   2047 mW      0 mW    500 mW   1046 mW    930 mW     33 mW    330 mW      2 mW      2 mW      0 mW
  22:23:37    428 mW   1938 mW      0 mW    490 mW   1069 mW    970 mW     30 mW    326 mW      0 mW      2 mW      0 mW
  22:23:37    417 mW   1848 mW      0 mW    542 mW   1098 mW   1155 mW     31 mW    327 mW      2 mW      2 mW      0 mW
  22:23:38    433 mW   1823 mW      0 mW    522 mW   1092 mW   1078 mW     31 mW    329 mW      2 mW      2 mW      0 mW
  22:23:38    429 mW   1640 mW      0 mW    422 mW    842 mW    894 mW     30 mW    326 mW      2 mW      2 mW      0 mW
  22:23:39    428 mW   1722 mW      0 mW    485 mW    900 mW    919 mW     33 mW    330 mW      2 mW      0 mW      0 mW
  22:23:39    435 mW   3276 mW      0 mW    571 mW    949 mW   1188 mW     31 mW    326 mW      2 mW      2 mW      0 mW
  22:23:40    433 mW   1794 mW      0 mW    496 mW    884 mW    971 mW     33 mW    333 mW      0 mW      2 mW      0 mW
  22:23:40    407 mW   1707 mW      0 mW    406 mW    784 mW    815 mW     31 mW    323 mW      2 mW      2 mW      0 mW
  22:23:40    434 mW   1770 mW      0 mW    496 mW    914 mW    940 mW     30 mW    332 mW      2 mW      2 mW      0 mW
  22:23:41    426 mW   2060 mW      0 mW    554 mW    976 mW    981 mW     30 mW    325 mW      2 mW      2 mW      0 mW
  22:23:41    434 mW   1799 mW      0 mW    455 mW    858 mW    842 mW     33 mW    330 mW      2 mW      2 mW      0 mW
  22:23:42    416 mW   1881 mW      0 mW    495 mW    890 mW    897 mW     31 mW    329 mW      2 mW      0 mW      0 mW
  22:23:42    428 mW   1866 mW      0 mW    508 mW    867 mW    955 mW     33 mW    326 mW      2 mW      2 mW      0 mW
  22:23:42    442 mW   2003 mW      0 mW    509 mW    906 mW    870 mW     31 mW    335 mW      0 mW      2 mW      0 mW
  22:23:43    828 mW   1859 mW      0 mW    605 mW   1066 mW   1245 mW     47 mW    325 mW      2 mW      2 mW      0 mW
  22:23:43   2220 mW   1762 mW      0 mW    721 mW   1331 mW   1834 mW    151 mW    333 mW      2 mW      2 mW      0 mW
  22:23:44   2206 mW   1918 mW      0 mW    680 mW   1286 mW   1801 mW    154 mW    326 mW      2 mW      2 mW      0 mW
  22:23:44   2254 mW   1839 mW      0 mW    680 mW   1292 mW   1806 mW    154 mW    327 mW      2 mW      0 mW      0 mW
  22:23:45   2251 mW   1879 mW      0 mW    702 mW   1311 mW   1826 mW    158 mW    331 mW      2 mW      2 mW      0 mW
  22:23:45   2291 mW   1732 mW      0 mW    686 mW   1288 mW   1800 mW    157 mW    327 mW      0 mW      2 mW      0 mW
  22:23:45   2197 mW   1853 mW      0 mW    701 mW   1297 mW   1815 mW    154 mW    328 mW      2 mW      2 mW      0 mW
  22:23:46   2226 mW   1956 mW      0 mW    700 mW   1306 mW   1816 mW    157 mW    330 mW      2 mW      2 mW      0 mW
  22:23:46   2277 mW   1703 mW      0 mW    681 mW   1283 mW   1790 mW    155 mW    324 mW      2 mW      2 mW      0 mW
  22:23:47   2242 mW   1844 mW      0 mW    693 mW   1307 mW   1832 mW    157 mW    332 mW      2 mW      2 mW      0 mW
  22:23:47   2209 mW   1723 mW      0 mW    685 mW   1247 mW   1732 mW    150 mW    313 mW      2 mW      0 mW      0 mW
  22:23:48   2342 mW   1795 mW      0 mW    731 mW   1353 mW   1887 mW    164 mW    341 mW      2 mW      2 mW      0 mW
  22:23:48   2297 mW   1861 mW      0 mW    685 mW   1315 mW   1830 mW    155 mW    332 mW      0 mW      2 mW      0 mW
  22:23:48   2194 mW   1849 mW      0 mW    694 mW   1300 mW   1815 mW    155 mW    331 mW      2 mW      2 mW      0 mW
  22:23:49   2281 mW   2016 mW      0 mW    721 mW   1327 mW   1821 mW    158 mW    325 mW      2 mW      2 mW      0 mW
  22:23:49   2192 mW   1946 mW      0 mW    709 mW   1308 mW   1796 mW    155 mW    326 mW      2 mW      2 mW      0 mW
  22:23:50   2172 mW   1833 mW      0 mW    657 mW   1238 mW   1737 mW    148 mW    315 mW      2 mW      0 mW      0 mW
  22:23:50   2380 mW   1858 mW      0 mW    702 mW   1345 mW   1893 mW    164 mW    344 mW      2 mW      2 mW      0 mW
  22:23:51   2326 mW   2372 mW      0 mW    752 mW   1336 mW   1840 mW    158 mW    329 mW      0 mW      2 mW      0 mW
  22:23:51   2108 mW   1862 mW      0 mW    673 mW   1253 mW   1745 mW    149 mW    316 mW      2 mW      2 mW      0 mW
  22:23:51   2374 mW   1916 mW      0 mW    708 mW   1336 mW   1880 mW    162 mW    342 mW      2 mW      2 mW      0 mW
  22:23:52   2301 mW   2017 mW      0 mW    701 mW   1310 mW   1818 mW    156 mW    327 mW      2 mW      2 mW      0 mW
  22:23:52   2268 mW   1832 mW      0 mW    704 mW   1302 mW   1812 mW    156 mW    330 mW      2 mW      2 mW      0 mW
  22:23:53   2294 mW   1964 mW      0 mW    729 mW   1335 mW   1821 mW    157 mW    325 mW      2 mW      0 mW      0 mW
  22:23:53   2015 mW   1688 mW      0 mW    653 mW   1244 mW   1735 mW    150 mW    316 mW      2 mW      2 mW      0 mW
  22:23:53    812 mW   1742 mW      0 mW    567 mW   1259 mW   1214 mW     97 mW    341 mW      0 mW      2 mW      0 mW
  22:23:54    685 mW   1644 mW      0 mW    512 mW   1214 mW   1052 mW     68 mW    325 mW      2 mW      2 mW      0 mW
  22:23:54    702 mW   1683 mW      0 mW    467 mW   1190 mW    878 mW     75 mW    329 mW      2 mW      2 mW      0 mW
  22:23:55    654 mW   2144 mW      0 mW    568 mW   1274 mW   1016 mW     61 mW    328 mW      2 mW      2 mW      0 mW
  22:23:55    756 mW   1821 mW      0 mW    531 mW   1271 mW   1018 mW     80 mW    331 mW      2 mW      2 mW      0 mW
  22:23:56    685 mW   1883 mW      0 mW    562 mW   1263 mW   1051 mW     70 mW    324 mW      2 mW      0 mW      0 mW
  22:23:56    705 mW   1821 mW      0 mW    533 mW   1260 mW    954 mW     69 mW    329 mW      2 mW      2 mW      0 mW
  22:23:56    676 mW   1857 mW      0 mW    527 mW   1234 mW    963 mW     69 mW    330 mW      0 mW      2 mW      0 mW
  22:23:57    743 mW   1869 mW      0 mW    546 mW   1236 mW   1112 mW     81 mW    327 mW      2 mW      2 mW      0 mW
  22:23:57    700 mW   1845 mW      0 mW    520 mW   1255 mW    859 mW     70 mW    325 mW      2 mW      2 mW      0 mW
  22:23:58    671 mW   1827 mW      0 mW    490 mW   1199 mW    893 mW     64 mW    332 mW      2 mW      2 mW      0 mW
  22:23:58    516 mW   1808 mW      0 mW    508 mW   1114 mW    868 mW     45 mW    322 mW      2 mW      0 mW      0 mW
  22:23:59    532 mW   1890 mW      0 mW    562 mW   1142 mW   1008 mW     45 mW    331 mW      2 mW      2 mW      0 mW
  22:23:59    543 mW   2019 mW      0 mW    592 mW   1165 mW    982 mW     47 mW    324 mW      0 mW      2 mW      0 mW
  22:23:59    447 mW   1691 mW      0 mW    504 mW   1141 mW    819 mW     35 mW    322 mW      2 mW      2 mW      0 mW
  22:24:00    468 mW   1828 mW      0 mW    537 mW   1136 mW    973 mW     35 mW    328 mW      2 mW      2 mW      0 mW
  22:24:00    565 mW   1639 mW      0 mW    483 mW   1092 mW    894 mW     47 mW    335 mW      2 mW      2 mW      0 mW
  22:24:01    443 mW   1709 mW      0 mW    496 mW   1138 mW    885 mW     35 mW    326 mW      2 mW      2 mW      0 mW
  22:24:01    445 mW   1634 mW      0 mW    489 mW   1117 mW    910 mW     33 mW    329 mW      2 mW      0 mW      0 mW
  22:24:02    465 mW   1872 mW      0 mW    514 mW   1115 mW    970 mW     36 mW    331 mW      2 mW      2 mW      0 mW
  22:24:02    460 mW   1694 mW      0 mW    457 mW   1084 mW    894 mW     35 mW    326 mW      0 mW      2 mW      0 mW
  22:24:02    452 mW   1862 mW      0 mW    539 mW   1199 mW    993 mW     33 mW    328 mW      2 mW      2 mW      0 mW
  22:24:03    443 mW   1922 mW      0 mW    516 mW   1061 mW    939 mW     35 mW    329 mW      2 mW      2 mW      0 mW
  22:24:03    137 mW   1594 mW      0 mW    455 mW    652 mW    940 mW     12 mW    325 mW      2 mW      2 mW      0 mW
  22:24:04    131 mW   1697 mW      0 mW    444 mW    701 mW    862 mW      9 mW    319 mW      2 mW      2 mW      0 mW
  22:24:04    144 mW   1444 mW      0 mW    407 mW    721 mW    823 mW     11 mW    332 mW      2 mW      0 mW      0 mW
  22:24:05    130 mW   1566 mW      0 mW    449 mW    758 mW    907 mW     12 mW    334 mW      2 mW      2 mW      0 mW
  22:24:05    131 mW   1482 mW      0 mW    419 mW    726 mW    863 mW      9 mW    323 mW      2 mW      2 mW      0 mW
  22:24:05    135 mW   1492 mW      0 mW    402 mW    713 mW    800 mW      9 mW    346 mW      0 mW      2 mW      0 mW
  22:24:06    113 mW   1868 mW      0 mW    475 mW    794 mW    916 mW     11 mW    312 mW      2 mW      2 mW      0 mW
  22:24:06    152 mW   1593 mW      0 mW    441 mW    759 mW    894 mW      9 mW    339 mW      2 mW      2 mW      0 mW
  22:24:07    125 mW   1687 mW      0 mW    457 mW    753 mW    883 mW     11 mW    318 mW      2 mW      2 mW      0 mW
  22:24:07    141 mW   1707 mW      0 mW    471 mW    714 mW    859 mW     11 mW    339 mW      2 mW      2 mW      0 mW
  22:24:08    124 mW   1840 mW      0 mW    505 mW    809 mW    908 mW      9 mW    334 mW      2 mW      2 mW      0 mW
