Installed 3 packages in 8ms
==============================================================================
Experiment 005: paired-kernel ratio stability
==============================================================================
QoS:   pthread_set_qos_class_self_np -> 0
Power: Now drawing from 'AC Power'
Display powerstate (start):
  Driver ID  Current State  Max State  Current State Description
Internal failure: Failed to get power state information
pmset assertions (start, first 10 lines):
  2026-04-28 11:57:57 -0700 
  Assertion status system-wide:
     BackgroundTask                 0
     PreventDiskIdle                1
     ApplePushServiceTask           0
     UserIsActive                   1
     PreventUserIdleDisplaySleep    1
     SoftwareUpdateTask             0
     PreventSystemSleep             0
     ExternalMedia                  0
caffeinate: started pid=9726
powermetrics: sudo -n failed; powermetrics skipped

Compiling fma_loop variants: [512, 1024, 4096]
  write_tid TEW=32 maxTPG=1024
  ref kernel: fma_loop iters=1024 threads=32
  trials:
    T1: fma_loop {'fma_iters': 512, 'threads': 32}
    T2: fma_loop {'fma_iters': 4096, 'threads': 32}
    T3: write_tid {'threads': 524288}
    T4: write_tid {'threads': 1048576}
  N_per_combo=300  N_sweeps=3
  per-combo cooldown=2.0s  between-sweep cooldown=30.0s
  sample_buffer slots=1200, out_buffer bytes=4194304
timestamp correlation (start): cpu=6190256880166 gpu=6190256880166

==============================================================================
Sweep 1/3
==============================================================================

  ref_alone: fma_loop iters=1024 threads=32
    N=300 p50=67084 p95=67584 robust_cv=0.0037 naive_cv=0.0102

  T1_alone: ('fma_loop', 512, 32)
    N=300 p50=36708 p95=37083 robust_cv=0.0067 naive_cv=0.0180
  T1_paired: ref=1024@32t + trial=('fma_loop', 512, 32)
    ref:   N=300 p50=66958 robust_cv=0.0032
    trial: N=300 p50=37084 robust_cv=0.0283
    ratio: N=300 p50=0.5529 robust_cv=0.0271
    gap_ns: p50=875 p95=1167 max=2625

  T2_alone: ('fma_loop', 4096, 32)
    N=300 p50=248667 p95=249250 robust_cv=0.3341 naive_cv=0.2381
  T2_paired: ref=1024@32t + trial=('fma_loop', 4096, 32)
    ref:   N=300 p50=66834 robust_cv=0.0032
    trial: N=300 p50=248791 robust_cv=0.0012
    ratio: N=300 p50=3.7221 robust_cv=0.0036
    gap_ns: p50=833 p95=1086 max=1375

  T3_alone: ('write_tid', None, 524288)
    N=300 p50=59458 p95=60083 robust_cv=0.0057 naive_cv=0.2093
  T3_paired: ref=1024@32t + trial=('write_tid', None, 524288)
    ref:   N=300 p50=67083 robust_cv=0.0032
    trial: N=300 p50=60291 robust_cv=0.0170
    ratio: N=300 p50=0.8974 robust_cv=0.0172
    gap_ns: p50=958 p95=1167 max=1625

  T4_alone: ('write_tid', None, 1048576)
    N=300 p50=112375 p95=113502 robust_cv=0.0044 naive_cv=0.2158
  T4_paired: ref=1024@32t + trial=('write_tid', None, 1048576)
    ref:   N=300 p50=66917 robust_cv=0.0055
    trial: N=300 p50=113083 robust_cv=0.0128
    ratio: N=300 p50=1.6959 robust_cv=0.0149
    gap_ns: p50=875 p95=1167 max=1667

  Between-sweep cooldown 30.0s ...

==============================================================================
Sweep 2/3
==============================================================================

  ref_alone: fma_loop iters=1024 threads=32
    N=300 p50=67084 p95=67667 robust_cv=0.0037 naive_cv=0.0043

  T1_alone: ('fma_loop', 512, 32)
    N=300 p50=37000 p95=37459 robust_cv=0.0083 naive_cv=0.0076
  T1_paired: ref=1024@32t + trial=('fma_loop', 512, 32)
    ref:   N=300 p50=66834 robust_cv=0.0028
    trial: N=300 p50=36667 robust_cv=0.0044
    ratio: N=300 p50=0.5482 robust_cv=0.0049
    gap_ns: p50=833 p95=1083 max=1167

  T2_alone: ('fma_loop', 4096, 32)
    N=300 p50=248542 p95=249125 robust_cv=0.4259 naive_cv=0.2993
  T2_paired: ref=1024@32t + trial=('fma_loop', 4096, 32)
    ref:   N=300 p50=36917 robust_cv=0.9069
    trial: N=300 p50=138084 robust_cv=0.8969
    ratio: N=300 p50=3.7200 robust_cv=0.0076
    gap_ns: p50=730 p95=1041 max=8042

  T3_alone: ('write_tid', None, 524288)
    N=300 p50=59500 p95=60042 robust_cv=0.0057 naive_cv=0.0691
  T3_paired: ref=1024@32t + trial=('write_tid', None, 524288)
    ref:   N=300 p50=66958 robust_cv=0.0065
    trial: N=300 p50=59980 robust_cv=0.0203
    ratio: N=300 p50=0.9040 robust_cv=0.0230
    gap_ns: p50=916 p95=1167 max=3500

  T4_alone: ('write_tid', None, 1048576)
    N=300 p50=112417 p95=113086 robust_cv=0.3274 naive_cv=0.2059
  T4_paired: ref=1024@32t + trial=('write_tid', None, 1048576)
    ref:   N=300 p50=66688 robust_cv=0.4262
    trial: N=300 p50=112333 robust_cv=0.4194
    ratio: N=300 p50=1.6926 robust_cv=0.0287
    gap_ns: p50=792 p95=1086 max=4000

  Between-sweep cooldown 30.0s ...

==============================================================================
Sweep 3/3
==============================================================================

  ref_alone: fma_loop iters=1024 threads=32
    N=300 p50=67084 p95=67750 robust_cv=0.0041 naive_cv=0.0064

  T1_alone: ('fma_loop', 512, 32)
    N=300 p50=36980 p95=37459 robust_cv=0.0092 naive_cv=0.0083
  T1_paired: ref=1024@32t + trial=('fma_loop', 512, 32)
    ref:   N=300 p50=66833 robust_cv=0.0028
    trial: N=300 p50=36708 robust_cv=0.0042
    ratio: N=300 p50=0.5488 robust_cv=0.0052
    gap_ns: p50=833 p95=1166 max=1708

  T2_alone: ('fma_loop', 4096, 32)
    N=300 p50=248541 p95=249042 robust_cv=0.4685 naive_cv=0.3038
  T2_paired: ref=1024@32t + trial=('fma_loop', 4096, 32)
    ref:   N=300 p50=36958 robust_cv=0.9059
    trial: N=300 p50=138021 robust_cv=0.9055
    ratio: N=300 p50=3.7181 robust_cv=0.0075
    gap_ns: p50=709 p95=958 max=1166

  T3_alone: ('write_tid', None, 524288)
    N=300 p50=59500 p95=60083 robust_cv=0.0053 naive_cv=0.1001
  T3_paired: ref=1024@32t + trial=('write_tid', None, 524288)
    ref:   N=300 p50=67042 robust_cv=0.0051
    trial: N=300 p50=60167 robust_cv=0.0181
    ratio: N=300 p50=0.8996 robust_cv=0.0177
    gap_ns: p50=1041 p95=1419 max=2625

  T4_alone: ('write_tid', None, 1048576)
    N=300 p50=112270 p95=113086 robust_cv=0.3304 naive_cv=0.3022
  T4_paired: ref=1024@32t + trial=('write_tid', None, 1048576)
    ref:   N=300 p50=66708 robust_cv=0.4255
    trial: N=300 p50=112250 robust_cv=0.4157
    ratio: N=300 p50=1.6924 robust_cv=0.0249
    gap_ns: p50=792 p95=1125 max=3833

wrote 20260428T115757-alone.csv (4500 rows)
wrote 20260428T115757-paired.csv (3600 rows)

timestamp correlation (end):   cpu=6309525429333 gpu=6309525429333
elapsed cpu_ticks=119268549167  gpu_ticks=119268549167  ratio_gpu/cpu=1.000000
experiment wall-clock: 119.3s
wrote 20260428T115757-meta.txt

powermetrics: no sidecar
caffeinate: stopped rc=-15

Done.
