# IOReport telemetry  interval=250ms  csv=/Users/vanreece/dev/metal_ml_lab/experiments/014b-amplification-long-cells/raw/20260429T150438.csv  states_csv=/Users/vanreece/dev/metal_ml_lab/experiments/014b-amplification-long-cells/raw/20260429T150438-states.csv
# Ctrl-C to stop
# time        gpu mW    cpu mW    ane mW   dram mW   amcc mW    dcs mW    afr mW   disp mW    isp mW    ave mW  gpu_sram mW
  15:04:39    166 mW    804 mW      0 mW    368 mW    624 mW    650 mW     13 mW    308 mW      3 mW      3 mW      0 mW
  15:04:40    151 mW   1667 mW      0 mW    391 mW    681 mW    829 mW     12 mW    326 mW      2 mW      0 mW      0 mW
  15:04:40    152 mW   1728 mW      0 mW    446 mW    842 mW    960 mW      9 mW    323 mW      2 mW      2 mW      0 mW
  15:04:40    165 mW   1687 mW      0 mW    450 mW    753 mW   1001 mW     14 mW    321 mW      2 mW      2 mW      0 mW
  15:04:41    131 mW   1552 mW      0 mW    394 mW    700 mW    831 mW      9 mW    324 mW      2 mW      2 mW      0 mW
  15:04:41    135 mW   1623 mW      0 mW    476 mW    844 mW    980 mW     12 mW    319 mW      2 mW      2 mW      0 mW
  15:04:42    150 mW   1624 mW      0 mW    401 mW    733 mW    874 mW      9 mW    323 mW      0 mW      2 mW      0 mW
  15:04:42    735 mW   3713 mW      0 mW    680 mW   1243 mW   1691 mW     54 mW    329 mW      2 mW      2 mW      0 mW
  15:04:43    279 mW   3528 mW      0 mW    558 mW   1031 mW   1413 mW     34 mW    318 mW      2 mW      0 mW      0 mW
  15:04:43    130 mW   1601 mW      0 mW    388 mW    701 mW    851 mW      9 mW    318 mW      2 mW      2 mW      0 mW
  15:04:43    174 mW   1758 mW      0 mW    454 mW    786 mW    951 mW     12 mW    327 mW      2 mW      2 mW      0 mW
  15:04:44    518 mW   4137 mW      0 mW    725 mW   1337 mW   1823 mW     42 mW    324 mW      2 mW      2 mW      0 mW
  15:04:44    248 mW   3041 mW      0 mW    522 mW    924 mW   1188 mW     32 mW    314 mW      2 mW      2 mW      0 mW
  15:04:45    197 mW   1821 mW      0 mW    427 mW    738 mW    857 mW     14 mW    327 mW      0 mW      2 mW      0 mW
  15:04:45    242 mW   2158 mW      0 mW    533 mW    995 mW   1306 mW     17 mW    328 mW      2 mW      2 mW      0 mW
  15:04:46    602 mW   4413 mW      0 mW    677 mW   1295 mW   1824 mW     43 mW    330 mW      2 mW      0 mW      0 mW
  15:04:46    211 mW   2768 mW      0 mW    490 mW    889 mW   1055 mW     33 mW    308 mW      2 mW      2 mW      0 mW
  15:04:46    141 mW   1722 mW      0 mW    427 mW    763 mW    853 mW     12 mW    321 mW      2 mW      2 mW      0 mW
  15:04:47    325 mW   2559 mW      0 mW    547 mW   1023 mW   1375 mW     21 mW    331 mW      2 mW      2 mW      0 mW
  15:04:47    480 mW   4589 mW      0 mW    722 mW   1330 mW   1838 mW     40 mW    328 mW      2 mW      2 mW      0 mW
  15:04:48    143 mW   2357 mW      0 mW    421 mW    779 mW    977 mW     16 mW    309 mW      0 mW      2 mW      0 mW
  15:04:48    166 mW   1749 mW      0 mW    456 mW    785 mW    990 mW     14 mW    327 mW      2 mW      2 mW      0 mW
  15:04:49    920 mW   2865 mW      0 mW    596 mW   1118 mW   1579 mW     66 mW    321 mW      2 mW      0 mW      0 mW
  15:04:49    385 mW   3920 mW      0 mW    619 mW   1181 mW   1637 mW     48 mW    315 mW      2 mW      2 mW      0 mW
  15:04:49    168 mW   1885 mW      0 mW    438 mW    751 mW    944 mW     11 mW    323 mW      2 mW      2 mW      0 mW
  15:04:50    160 mW   1593 mW      0 mW    438 mW    787 mW    932 mW     12 mW    326 mW      2 mW      2 mW      0 mW
  15:04:50    555 mW   3386 mW      0 mW    647 mW   1198 mW   1680 mW     38 mW    329 mW      2 mW      2 mW      0 mW
  15:04:51    396 mW   3824 mW      0 mW    623 mW   1169 mW   1612 mW     49 mW    321 mW      0 mW      2 mW      0 mW
  15:04:51    146 mW   1859 mW      0 mW    412 mW    732 mW    868 mW     12 mW    315 mW      2 mW      2 mW      0 mW
  15:04:52    144 mW   1514 mW      0 mW    376 mW    691 mW    805 mW     11 mW    321 mW      2 mW      0 mW      0 mW
  15:04:52    609 mW   2858 mW      0 mW    636 mW   1191 mW   1671 mW     40 mW    335 mW      2 mW      2 mW      0 mW
  15:04:52    467 mW   3414 mW      0 mW    636 mW   1163 mW   1698 mW     51 mW    309 mW      2 mW      2 mW      0 mW
  15:04:53    309 mW   3146 mW      0 mW    561 mW   1021 mW   1486 mW     28 mW    331 mW      2 mW      2 mW      0 mW
  15:04:53    137 mW   2266 mW      0 mW    449 mW    708 mW    813 mW      9 mW    318 mW      2 mW      2 mW      0 mW
  15:04:54    196 mW   1593 mW      0 mW    386 mW    669 mW    793 mW     12 mW    325 mW      0 mW      2 mW      0 mW
  15:04:54    432 mW   2127 mW      0 mW    543 mW   1128 mW   1191 mW     33 mW    324 mW      2 mW      2 mW      0 mW
  15:04:55    544 mW   2168 mW      0 mW    469 mW   1061 mW   1009 mW     38 mW    326 mW      2 mW      0 mW      0 mW
  15:04:55    546 mW   2287 mW      0 mW    520 mW   1116 mW   1219 mW     55 mW    322 mW      2 mW      2 mW      0 mW
  15:04:55    582 mW   2284 mW      0 mW    523 mW   1091 mW   1279 mW     50 mW    322 mW      2 mW      2 mW      0 mW
  15:04:56    612 mW   2227 mW      0 mW    511 mW   1097 mW   1269 mW     60 mW    323 mW      2 mW      2 mW      0 mW
  15:04:56    316 mW   2278 mW      0 mW    464 mW    874 mW   1130 mW     37 mW    314 mW      0 mW      2 mW      0 mW
  15:04:57    162 mW   1538 mW      0 mW    385 mW    705 mW    835 mW     12 mW    323 mW      2 mW      2 mW      0 mW
  15:04:57    209 mW   1754 mW      0 mW    453 mW    824 mW   1023 mW     14 mW    331 mW      2 mW      2 mW      0 mW
  15:04:58    722 mW   4157 mW      0 mW    651 mW   1267 mW   1791 mW     54 mW    322 mW      2 mW      0 mW      0 mW
  15:04:58    255 mW   2773 mW      0 mW    451 mW    815 mW   1061 mW     35 mW    315 mW      2 mW      2 mW      0 mW
  15:04:58    137 mW   1625 mW      0 mW    385 mW    684 mW    784 mW     12 mW    323 mW      2 mW      2 mW      0 mW
  15:04:59    270 mW   2285 mW      0 mW    514 mW    971 mW   1262 mW     19 mW    326 mW      2 mW      2 mW      0 mW
  15:04:59    560 mW   4665 mW      0 mW    704 mW   1316 mW   1845 mW     43 mW    331 mW      0 mW      2 mW      0 mW
  15:05:00    243 mW   2755 mW      0 mW    510 mW    868 mW   1144 mW     32 mW    307 mW      2 mW      2 mW      0 mW
  15:05:00    158 mW   1672 mW      0 mW    413 mW    757 mW    884 mW     12 mW    332 mW      2 mW      0 mW      0 mW
  15:05:01    291 mW   2710 mW      0 mW    588 mW   1025 mW   1377 mW     22 mW    323 mW      2 mW      2 mW      0 mW
  15:05:01    472 mW   4605 mW      0 mW    688 mW   1285 mW   1804 mW     38 mW    324 mW      2 mW      2 mW      0 mW
  15:05:01    197 mW   2866 mW      0 mW    457 mW    813 mW    995 mW     19 mW    317 mW      2 mW      2 mW      0 mW
  15:05:02    141 mW   1650 mW      0 mW    389 mW    665 mW    851 mW     11 mW    305 mW      2 mW      2 mW      0 mW
  15:05:02    313 mW   2523 mW      0 mW    589 mW   1049 mW   1420 mW     22 mW    342 mW      0 mW      2 mW      0 mW
  15:05:03    810 mW   4810 mW      0 mW    668 mW   1275 mW   1800 mW     63 mW    326 mW      2 mW      2 mW      0 mW
  15:05:03    326 mW   3580 mW      0 mW    582 mW   1050 mW   1388 mW     35 mW    320 mW      2 mW      0 mW      0 mW
  15:05:04    122 mW   1640 mW      0 mW    394 mW    737 mW    845 mW     12 mW    313 mW      2 mW      2 mW      0 mW
  15:05:04    221 mW   1841 mW      0 mW    455 mW    824 mW    974 mW     14 mW    336 mW      2 mW      2 mW      0 mW
  15:05:04    737 mW   4687 mW      0 mW    673 mW   1273 mW   1793 mW     59 mW    319 mW      2 mW      2 mW      0 mW
  15:05:05    793 mW   4811 mW      0 mW    672 mW   1281 mW   1782 mW     68 mW    322 mW      2 mW      2 mW      0 mW
  15:05:05    271 mW   3209 mW      0 mW    478 mW    845 mW   1110 mW     29 mW    313 mW      0 mW      2 mW      0 mW
  15:05:06    153 mW   1612 mW      0 mW    397 mW    723 mW    781 mW      9 mW    328 mW      2 mW      2 mW      0 mW
  15:05:06    259 mW   1925 mW      0 mW    471 mW    852 mW   1061 mW     19 mW    324 mW      2 mW      0 mW      0 mW
  15:05:07    713 mW   4315 mW      0 mW    631 mW   1214 mW   1700 mW     63 mW    332 mW      2 mW      2 mW      0 mW
  15:05:07    932 mW   5214 mW      0 mW    644 mW   1294 mW   1744 mW     75 mW    321 mW      2 mW      2 mW      0 mW
  15:05:07   1088 mW   5978 mW      0 mW    741 mW   1521 mW   1788 mW     87 mW    321 mW      2 mW      2 mW      0 mW
  15:05:08   1074 mW   5686 mW      0 mW    701 mW   1480 mW   1767 mW     92 mW    319 mW      0 mW      2 mW      0 mW
  15:05:08    609 mW   5012 mW      0 mW    650 mW   1309 mW   1580 mW     62 mW    315 mW      2 mW      2 mW      0 mW
  15:05:09    132 mW   1660 mW      0 mW    361 mW    641 mW    742 mW     12 mW    314 mW      2 mW      0 mW      0 mW
  15:05:09    144 mW   1519 mW      0 mW    367 mW    666 mW    759 mW      9 mW    325 mW      2 mW      2 mW      0 mW
  15:05:09    824 mW   4667 mW      0 mW    692 mW   1296 mW   1607 mW     63 mW    335 mW      2 mW      2 mW      0 mW
  15:05:10   1104 mW   5861 mW      0 mW    630 mW   1258 mW   1654 mW     97 mW    321 mW      2 mW      2 mW      0 mW
  15:05:10    830 mW   5298 mW      0 mW    642 mW   1272 mW   1610 mW     71 mW    324 mW      2 mW      2 mW      0 mW
  15:05:11   1156 mW   5869 mW      0 mW    641 mW   1272 mW   1649 mW     97 mW    322 mW      0 mW      2 mW      0 mW
  15:05:11    807 mW   5440 mW      0 mW    675 mW   1280 mW   1620 mW     72 mW    318 mW      2 mW      2 mW      0 mW
  15:05:12    886 mW   4900 mW      0 mW    642 mW   1280 mW   1630 mW     73 mW    326 mW      2 mW      0 mW      0 mW
  15:05:12   1306 mW   6148 mW      0 mW    628 mW   1249 mW   1664 mW    109 mW    319 mW      2 mW      2 mW      0 mW
  15:05:12    880 mW   5307 mW      0 mW    649 mW   1276 mW   1620 mW     75 mW    325 mW      2 mW      2 mW      0 mW
  15:05:13   1184 mW   5888 mW      0 mW    623 mW   1265 mW   1662 mW    102 mW    321 mW      0 mW      2 mW      0 mW
  15:05:13    782 mW   5129 mW      0 mW    632 mW   1262 mW   1586 mW     65 mW    322 mW      2 mW      2 mW      0 mW
  15:05:14   1181 mW   5758 mW      0 mW    607 mW   1247 mW   1645 mW     99 mW    320 mW      2 mW      0 mW      0 mW
  15:05:14    876 mW   5222 mW      0 mW    613 mW   1257 mW   1585 mW     77 mW    321 mW      2 mW      2 mW      0 mW
  15:05:14    294 mW   2978 mW      0 mW    430 mW    781 mW    910 mW     28 mW    310 mW      2 mW      2 mW      0 mW
  15:05:15    160 mW   1459 mW      0 mW    375 mW    702 mW    843 mW     12 mW    324 mW      2 mW      2 mW      0 mW
  15:05:15    261 mW   2283 mW      0 mW    524 mW    908 mW   1116 mW     22 mW    335 mW      2 mW      2 mW      0 mW
  15:05:16    582 mW   5231 mW      0 mW    591 mW   1212 mW   1511 mW     64 mW    324 mW      0 mW      2 mW      0 mW
  15:05:16    533 mW   5345 mW      0 mW    625 mW   1244 mW   1534 mW     63 mW    320 mW      2 mW      0 mW      0 mW
  15:05:17    642 mW   5802 mW      0 mW    604 mW   1238 mW   1575 mW     81 mW    325 mW      2 mW      2 mW      0 mW
  15:05:17    630 mW   5851 mW      0 mW    582 mW   1207 mW   1560 mW     85 mW    319 mW      2 mW      2 mW      0 mW
  15:05:17    559 mW   5421 mW      0 mW    608 mW   1242 mW   1519 mW     68 mW    323 mW      2 mW      2 mW      0 mW
  15:05:18    696 mW   6030 mW      0 mW    578 mW   1198 mW   1579 mW     93 mW    322 mW      0 mW      2 mW      0 mW
  15:05:18    519 mW   5487 mW      0 mW    603 mW   1234 mW   1533 mW     71 mW    324 mW      2 mW      2 mW      0 mW
  15:05:19    720 mW   5750 mW      0 mW    580 mW   1204 mW   1571 mW     80 mW    320 mW      2 mW      0 mW      0 mW
  15:05:19    540 mW   5525 mW      0 mW    575 mW   1215 mW   1522 mW     72 mW    321 mW      2 mW      2 mW      0 mW
  15:05:19    727 mW   5927 mW      0 mW    614 mW   1236 mW   1578 mW     80 mW    320 mW      2 mW      2 mW      0 mW
  15:05:20    635 mW   7299 mW      0 mW    773 mW   1332 mW   1743 mW     73 mW    326 mW      2 mW      2 mW      0 mW
  15:05:20    383 mW   4173 mW      0 mW    522 mW   1083 mW   1291 mW     40 mW    312 mW      0 mW      2 mW      0 mW
  15:05:21    143 mW   1606 mW      0 mW    381 mW    662 mW    739 mW     12 mW    321 mW      2 mW      2 mW      0 mW
  15:05:21    158 mW   1599 mW      0 mW    452 mW    771 mW    937 mW     12 mW    319 mW      2 mW      0 mW      0 mW
  15:05:22    158 mW   1522 mW      0 mW    407 mW    742 mW    893 mW     14 mW    324 mW      2 mW      2 mW      0 mW
  15:05:22    153 mW   1461 mW      0 mW    365 mW    635 mW    751 mW     11 mW    317 mW      2 mW      2 mW      0 mW
  15:05:22    157 mW   1535 mW      0 mW    402 mW    728 mW    835 mW     11 mW    326 mW      2 mW      2 mW      0 mW
  15:05:23    155 mW   1474 mW      0 mW    375 mW    670 mW    818 mW     12 mW    322 mW      2 mW      2 mW      0 mW
