# IOReport telemetry  interval=1000ms  csv=/Users/vanreece/dev/metal_ml_lab/experiments/010-gpuph-residency/raw/20260428T212810.csv  states_csv=/Users/vanreece/dev/metal_ml_lab/experiments/010-gpuph-residency/raw/20260428T212810-states.csv
# Ctrl-C to stop
# time        gpu mW    cpu mW    ane mW   dram mW   amcc mW    dcs mW    afr mW   disp mW    isp mW    ave mW  gpu_sram mW
  21:28:13    117 mW    565 mW      0 mW    283 mW    517 mW    279 mW      9 mW    318 mW      2 mW      2 mW      0 mW
  21:28:14    123 mW   1004 mW      0 mW    325 mW    606 mW    512 mW      9 mW    326 mW      2 mW      2 mW      0 mW
  21:28:15    116 mW   1052 mW      0 mW    308 mW    538 mW    459 mW      9 mW    317 mW      2 mW      2 mW      0 mW
  21:28:17    130 mW    958 mW      0 mW    301 mW    578 mW    436 mW     10 mW    327 mW      2 mW      2 mW      0 mW
  21:28:18    123 mW   1129 mW      0 mW    326 mW    612 mW    568 mW     10 mW    324 mW      2 mW      2 mW      0 mW
  21:28:19    121 mW    985 mW      0 mW    291 mW    567 mW    444 mW      9 mW    323 mW      2 mW      2 mW      0 mW
  21:28:20    123 mW   1080 mW      0 mW    331 mW    589 mW    435 mW     10 mW    320 mW      2 mW      2 mW      0 mW
  21:28:22    119 mW   1457 mW      0 mW    369 mW    615 mW    471 mW      9 mW    322 mW      2 mW      2 mW      0 mW
  21:28:23    120 mW   1282 mW      0 mW    296 mW    524 mW    386 mW      9 mW    323 mW      2 mW      2 mW      0 mW
  21:28:24    118 mW   1334 mW      0 mW    349 mW    568 mW    527 mW      9 mW    323 mW      2 mW      2 mW      0 mW
  21:28:25    131 mW   1379 mW      0 mW    343 mW    554 mW    442 mW     10 mW    319 mW      2 mW      2 mW      0 mW
  21:28:26    116 mW   1436 mW      0 mW    372 mW    640 mW    503 mW      9 mW    327 mW      2 mW      2 mW      0 mW
  21:28:28    115 mW   1359 mW      0 mW    362 mW    598 mW    517 mW      9 mW    322 mW      2 mW      2 mW      0 mW
  21:28:29    113 mW   1358 mW      0 mW    345 mW    567 mW    469 mW      8 mW    322 mW      2 mW      2 mW      0 mW
  21:28:30    113 mW   1266 mW      0 mW    325 mW    565 mW    443 mW      9 mW    324 mW      2 mW      2 mW      0 mW
  21:28:31    274 mW   1398 mW      0 mW    406 mW    949 mW    581 mW     21 mW    322 mW      2 mW      2 mW      0 mW
  21:28:33    277 mW   1407 mW      0 mW    389 mW    898 mW    547 mW     21 mW    323 mW      2 mW      2 mW      0 mW
  21:28:34    276 mW   1353 mW      0 mW    394 mW    928 mW    603 mW     21 mW    319 mW      2 mW      2 mW      0 mW
  21:28:35    274 mW   1544 mW      0 mW    421 mW    937 mW    575 mW     21 mW    319 mW      2 mW      2 mW      0 mW
  21:28:36    278 mW   1746 mW      0 mW    415 mW    969 mW    608 mW     21 mW    324 mW      2 mW      2 mW      0 mW
  21:28:37    269 mW   1593 mW      0 mW    391 mW    951 mW    629 mW     21 mW    320 mW      2 mW      2 mW      0 mW
  21:28:39    319 mW   1604 mW      0 mW    393 mW   1012 mW    576 mW     25 mW    324 mW      2 mW      2 mW      0 mW
  21:28:40    399 mW   1660 mW      0 mW    438 mW   1075 mW    627 mW     33 mW    320 mW      2 mW      2 mW      0 mW
  21:28:41    370 mW   1604 mW      0 mW    527 mW   1182 mW    631 mW     28 mW    316 mW      2 mW      2 mW      0 mW
  21:28:42    403 mW   1941 mW      0 mW    530 mW   1224 mW    748 mW     32 mW    321 mW      2 mW      2 mW      0 mW
  21:28:44    374 mW   1679 mW      0 mW    439 mW   1173 mW    597 mW     29 mW    326 mW      2 mW      2 mW      0 mW
  21:28:45    359 mW   1301 mW      0 mW    394 mW   1037 mW    574 mW     28 mW    320 mW      2 mW      2 mW      0 mW
  21:28:46    426 mW   1459 mW      0 mW    439 mW   1115 mW    578 mW     36 mW    320 mW      2 mW      2 mW      0 mW
  21:28:47    523 mW   1559 mW      0 mW    492 mW   1251 mW    772 mW     47 mW    320 mW      2 mW      2 mW      0 mW
  21:28:48    508 mW   1659 mW      0 mW    476 mW   1279 mW    675 mW     39 mW    321 mW      2 mW      2 mW      0 mW
  21:28:50    497 mW   1490 mW      0 mW    453 mW   1219 mW    679 mW     39 mW    319 mW      2 mW      2 mW      0 mW
  21:28:51    503 mW   1469 mW      0 mW    433 mW   1223 mW    624 mW     38 mW    316 mW      2 mW      2 mW      0 mW
  21:28:52    511 mW   1569 mW      0 mW    474 mW   1266 mW    690 mW     39 mW    321 mW      2 mW      2 mW      0 mW
  21:28:53    525 mW   1464 mW      0 mW    446 mW   1234 mW    607 mW     43 mW    325 mW      2 mW      2 mW      0 mW
  21:28:55    949 mW   1515 mW      0 mW    577 mW   1338 mW   1093 mW     67 mW    321 mW      2 mW      2 mW      0 mW
  21:28:56   2168 mW   2079 mW      0 mW    814 mW   1428 mW   1847 mW    143 mW    319 mW      2 mW      2 mW      0 mW
  21:28:57   2234 mW   2004 mW      0 mW    814 mW   1432 mW   1854 mW    153 mW    321 mW      2 mW      2 mW      0 mW
  21:28:58   2262 mW   1916 mW      0 mW    800 mW   1418 mW   1845 mW    155 mW    320 mW      2 mW      2 mW      0 mW
  21:28:59   2191 mW   1824 mW      0 mW    787 mW   1406 mW   1831 mW    153 mW    318 mW      2 mW      2 mW      0 mW
  21:29:01   2242 mW   1902 mW      0 mW    805 mW   1424 mW   1846 mW    155 mW    320 mW      2 mW      2 mW      0 mW
  21:29:02   2259 mW   1927 mW      0 mW    805 mW   1420 mW   1849 mW    155 mW    321 mW      2 mW      2 mW      0 mW
  21:29:03    723 mW   1437 mW      0 mW    473 mW    812 mW    790 mW     57 mW    314 mW      2 mW      2 mW      0 mW
  21:29:04    129 mW   1491 mW      0 mW    432 mW    630 mW    601 mW      9 mW    323 mW      2 mW      2 mW      0 mW
  21:29:06    122 mW   1721 mW      0 mW    431 mW    635 mW    555 mW     10 mW    321 mW      2 mW      2 mW      0 mW
  21:29:07    122 mW   1488 mW      0 mW    431 mW    624 mW    582 mW      9 mW    319 mW      2 mW      2 mW      0 mW
  21:29:08    119 mW   1503 mW      0 mW    411 mW    610 mW    528 mW     10 mW    323 mW      2 mW      2 mW      0 mW
  21:29:09    122 mW   1523 mW      0 mW    437 mW    638 mW    623 mW      9 mW    320 mW      2 mW      2 mW      0 mW
  21:29:10    125 mW   1454 mW      0 mW    439 mW    662 mW    575 mW     10 mW    322 mW      2 mW      2 mW      0 mW
  21:29:12    119 mW   1659 mW      0 mW    486 mW    695 mW    535 mW      9 mW    322 mW      2 mW      2 mW      0 mW
  21:29:13    848 mW   2512 mW      0 mW   1268 mW   1421 mW   1588 mW     63 mW    317 mW      2 mW      2 mW      0 mW
  21:29:14   1764 mW   4232 mW      0 mW   1465 mW   1825 mW   2219 mW    132 mW    325 mW      2 mW      2 mW      0 mW
  21:29:15   1892 mW   4742 mW      0 mW    932 mW   1516 mW   1904 mW    143 mW    320 mW      2 mW      2 mW      0 mW
  21:29:16   1826 mW   4536 mW      0 mW    952 mW   1509 mW   1915 mW    134 mW    319 mW      2 mW      2 mW      0 mW
  21:29:18   1928 mW   4775 mW      0 mW    975 mW   1580 mW   1927 mW    141 mW    320 mW      2 mW      2 mW      0 mW
  21:29:19   1706 mW   4278 mW      0 mW    970 mW   1553 mW   1901 mW    129 mW    315 mW      2 mW      2 mW      0 mW
  21:29:20   1663 mW   3718 mW      0 mW    834 mW   1451 mW   1885 mW    124 mW    325 mW      2 mW      2 mW      0 mW
  21:29:21   1652 mW   3647 mW      0 mW    812 mW   1423 mW   1845 mW    123 mW    320 mW      2 mW      2 mW      0 mW
  21:29:23   1632 mW   3769 mW      0 mW    843 mW   1450 mW   1861 mW    124 mW    318 mW      2 mW      2 mW      0 mW
  21:29:24   1705 mW   3764 mW      0 mW    847 mW   1452 mW   1865 mW    125 mW    320 mW      2 mW      2 mW      0 mW
  21:29:25   1755 mW   3842 mW      0 mW    854 mW   1462 mW   1869 mW    129 mW    320 mW      2 mW      2 mW      0 mW
  21:29:26   1711 mW   3967 mW      0 mW    870 mW   1493 mW   1877 mW    124 mW    320 mW      2 mW      2 mW      0 mW
  21:29:27   1691 mW   4032 mW      0 mW    893 mW   1519 mW   1885 mW    125 mW    319 mW      2 mW      2 mW      0 mW
  21:29:29   1704 mW   4100 mW      0 mW    906 mW   1544 mW   1894 mW    126 mW    320 mW      2 mW      2 mW      0 mW
  21:29:30   1736 mW   3887 mW      0 mW    872 mW   1496 mW   1875 mW    127 mW    319 mW      2 mW      2 mW      0 mW
  21:29:31   1725 mW   3915 mW      0 mW    863 mW   1496 mW   1873 mW    127 mW    320 mW      2 mW      2 mW      0 mW
  21:29:32   1690 mW   4125 mW      0 mW    906 mW   1532 mW   1895 mW    127 mW    320 mW      2 mW      2 mW      0 mW
  21:29:34   1683 mW   4204 mW      0 mW    921 mW   1555 mW   1900 mW    125 mW    320 mW      2 mW      2 mW      0 mW
  21:29:35   1796 mW   4298 mW      0 mW    896 mW   1550 mW   1884 mW    131 mW    320 mW      2 mW      2 mW      0 mW
  21:29:36   1731 mW   4075 mW      0 mW    835 mW   1565 mW   1859 mW    128 mW    319 mW      2 mW      2 mW      0 mW
  21:29:37   1766 mW   3851 mW      0 mW    820 mW   1506 mW   1828 mW    129 mW    315 mW      2 mW      2 mW      0 mW
  21:29:38   1764 mW   4179 mW      0 mW    882 mW   1504 mW   1880 mW    130 mW    320 mW      2 mW      2 mW      0 mW
  21:29:40   1799 mW   3988 mW      0 mW    880 mW   1501 mW   1899 mW    132 mW    325 mW      2 mW      2 mW      0 mW
  21:29:41   1817 mW   3958 mW      0 mW    856 mW   1473 mW   1866 mW    132 mW    320 mW      2 mW      2 mW      0 mW
  21:29:42   1789 mW   4107 mW      0 mW    879 mW   1502 mW   1880 mW    132 mW    319 mW      2 mW      2 mW      0 mW
  21:29:43   1818 mW   3861 mW      0 mW    853 mW   1443 mW   1847 mW    131 mW    315 mW      2 mW      2 mW      0 mW
  21:29:45   1758 mW   3838 mW      0 mW    850 mW   1451 mW   1884 mW    128 mW    325 mW      2 mW      2 mW      0 mW
  21:29:46   1869 mW   3935 mW      0 mW    875 mW   1454 mW   1880 mW    135 mW    319 mW      2 mW      2 mW      0 mW
  21:29:47   1828 mW   3864 mW      0 mW    858 mW   1468 mW   1870 mW    131 mW    320 mW      2 mW      2 mW      0 mW
  21:29:48   1919 mW   3905 mW      0 mW    872 mW   1488 mW   1873 mW    137 mW    320 mW      2 mW      2 mW      0 mW
  21:29:49   1875 mW   3730 mW      0 mW   1417 mW   1795 mW   2164 mW    135 mW    326 mW      2 mW      2 mW      0 mW
  21:29:51   1912 mW   3813 mW      0 mW   1434 mW   1745 mW   2166 mW    135 mW    325 mW      2 mW      2 mW      0 mW
  21:29:52   2213 mW   4287 mW      0 mW    923 mW   1472 mW   1882 mW    154 mW    316 mW      2 mW      2 mW      0 mW
  21:29:53   1962 mW   4111 mW      0 mW    870 mW   1439 mW   1899 mW    142 mW    325 mW      2 mW      2 mW      0 mW
  21:29:54   2154 mW   4388 mW      0 mW    861 mW   1448 mW   1846 mW    155 mW    315 mW      2 mW      2 mW      0 mW
  21:29:56   2132 mW   3956 mW      0 mW    817 mW   1401 mW   1851 mW    146 mW    321 mW      2 mW      2 mW      0 mW
  21:29:57   1918 mW   3743 mW      0 mW    783 mW   1406 mW   1857 mW    139 mW    327 mW      2 mW      2 mW      0 mW
  21:29:58   1948 mW   3459 mW      0 mW    733 mW   1369 mW   1811 mW    139 mW    321 mW      2 mW      2 mW      0 mW
  21:29:59   1954 mW   3723 mW      0 mW    814 mW   1400 mW   1843 mW    139 mW    319 mW      2 mW      2 mW      0 mW
  21:30:00   1996 mW   3873 mW      0 mW    908 mW   1547 mW   1889 mW    140 mW    321 mW      3 mW      2 mW      0 mW
  21:30:02   1897 mW   3812 mW      0 mW    954 mW   1749 mW   1902 mW    134 mW    323 mW      4 mW      3 mW      0 mW
