# IOReport telemetry  interval=250ms  csv=/Users/vanreece/dev/metal_ml_lab/experiments/011-sub-floor-mechanism/raw/20260428T215024-ioreport.csv  states_csv=/Users/vanreece/dev/metal_ml_lab/experiments/011-sub-floor-mechanism/raw/20260428T215024-ioreport-states.csv
# Ctrl-C to stop
# time        gpu mW    cpu mW    ane mW   dram mW   amcc mW    dcs mW    afr mW   disp mW    isp mW    ave mW  gpu_sram mW
  21:50:26    788 mW   1205 mW      0 mW    864 mW    834 mW    732 mW     65 mW    314 mW      2 mW      2 mW      0 mW
  21:50:26    869 mW   2575 mW      0 mW   1178 mW   1148 mW   1350 mW     80 mW    344 mW      2 mW      2 mW      0 mW
  21:50:27    847 mW   3795 mW      0 mW   1309 mW   1458 mW   1759 mW     75 mW    335 mW      2 mW      2 mW      0 mW
  21:50:27    803 mW   2511 mW      0 mW   1117 mW   1286 mW   1421 mW     70 mW    311 mW      2 mW      2 mW      0 mW
  21:50:27    746 mW   2272 mW      0 mW   1017 mW   1033 mW   1181 mW     65 mW    334 mW      2 mW      0 mW      0 mW
  21:50:28    854 mW   2487 mW      0 mW   1224 mW   1238 mW   1491 mW     75 mW    323 mW      2 mW      2 mW      0 mW
  21:50:28    853 mW   2452 mW      0 mW   1135 mW   1199 mW   1337 mW     73 mW    330 mW      0 mW      2 mW      0 mW
  21:50:29    850 mW   2340 mW      0 mW   1084 mW   1126 mW   1281 mW     74 mW    322 mW      2 mW      2 mW      0 mW
  21:50:29    761 mW   2182 mW      0 mW    985 mW   1012 mW   1033 mW     66 mW    339 mW      2 mW      2 mW      0 mW
  21:50:30    854 mW   2230 mW      0 mW   1080 mW   1093 mW   1305 mW     75 mW    326 mW      2 mW      2 mW      0 mW
  21:50:30    877 mW   2238 mW      0 mW   1024 mW   1031 mW   1133 mW     75 mW    331 mW      2 mW      2 mW      0 mW
  21:50:30    887 mW   2264 mW      0 mW   1140 mW   1192 mW   1315 mW     75 mW    329 mW      2 mW      2 mW      0 mW
  21:50:31    741 mW   2361 mW      0 mW   1052 mW   1093 mW   1146 mW     67 mW    331 mW      2 mW      0 mW      0 mW
  21:50:31    876 mW   2328 mW      0 mW   1047 mW   1096 mW   1119 mW     76 mW    332 mW      2 mW      2 mW      0 mW
  21:50:32   1640 mW   4252 mW      0 mW   1421 mW   1585 mW   2075 mW    126 mW    340 mW      0 mW      2 mW      0 mW
  21:50:32   1519 mW   5047 mW      0 mW   1378 mW   1647 mW   2121 mW    140 mW    329 mW      2 mW      2 mW      0 mW
  21:50:33   1134 mW   4524 mW      0 mW   1282 mW   1595 mW   2074 mW    121 mW    329 mW      2 mW      2 mW      0 mW
  21:50:33   1802 mW   4243 mW      0 mW   1291 mW   1571 mW   2057 mW    145 mW    325 mW      2 mW      2 mW      0 mW
  21:50:33   1219 mW   4777 mW      0 mW   1374 mW   1651 mW   2125 mW    120 mW    328 mW      2 mW      2 mW      0 mW
  21:50:34   1419 mW   4726 mW      0 mW   1441 mW   1743 mW   2182 mW    121 mW    337 mW      2 mW      0 mW      0 mW
  21:50:34    876 mW   3139 mW      0 mW   1059 mW   1238 mW   1346 mW     96 mW    308 mW      2 mW      2 mW      0 mW
  21:50:35    843 mW   2486 mW      0 mW   1050 mW   1070 mW   1159 mW     73 mW    329 mW      0 mW      2 mW      0 mW
  21:50:35    886 mW   2227 mW      0 mW   1049 mW   1053 mW   1135 mW     75 mW    329 mW      2 mW      2 mW      0 mW
  21:50:36    868 mW   2273 mW      0 mW   1086 mW   1093 mW   1270 mW     76 mW    333 mW      2 mW      2 mW      0 mW
  21:50:36    809 mW   2724 mW      0 mW   1124 mW   1121 mW   1291 mW     75 mW    349 mW      2 mW      2 mW      0 mW
  21:50:36    788 mW   3113 mW      0 mW   1026 mW   1162 mW   1294 mW     66 mW    306 mW      2 mW      2 mW      0 mW
  21:50:37    869 mW   2165 mW      0 mW   1076 mW   1092 mW   1223 mW     75 mW    334 mW      2 mW      0 mW      0 mW
  21:50:37    871 mW   2280 mW      0 mW   1041 mW   1068 mW   1166 mW     75 mW    328 mW      2 mW      2 mW      0 mW
  21:50:38    829 mW   2527 mW      0 mW   1029 mW   1063 mW   1106 mW     74 mW    327 mW      0 mW      2 mW      0 mW
  21:50:38    832 mW   2312 mW      0 mW    979 mW   1000 mW   1028 mW     69 mW    340 mW      2 mW      2 mW      0 mW
  21:50:39    842 mW   2269 mW      0 mW   1085 mW   1122 mW   1264 mW     75 mW    324 mW      2 mW      2 mW      0 mW
  21:50:39    869 mW   2130 mW      0 mW   1004 mW   1033 mW   1086 mW     73 mW    323 mW      2 mW      2 mW      0 mW
  21:50:40    892 mW   2234 mW      0 mW   1117 mW   1110 mW   1284 mW     81 mW    341 mW      2 mW      2 mW      0 mW
  21:50:40    785 mW   2265 mW      0 mW   1016 mW   1073 mW   1199 mW     65 mW    322 mW      2 mW      2 mW      0 mW
  21:50:40    896 mW   2220 mW      0 mW   1042 mW   1092 mW   1140 mW     75 mW    334 mW      2 mW      2 mW      0 mW
  21:50:41    861 mW   2345 mW      0 mW   1090 mW   1097 mW   1200 mW     76 mW    326 mW      2 mW      0 mW      0 mW
  21:50:41   1176 mW   3240 mW      0 mW   1367 mW   1528 mW   2014 mW    103 mW    345 mW      2 mW      2 mW      0 mW
  21:50:42   1269 mW   4470 mW      0 mW   1293 mW   1580 mW   2076 mW    109 mW    327 mW      0 mW      2 mW      0 mW
  21:50:42   1205 mW   4858 mW      0 mW   1382 mW   1648 mW   2122 mW    116 mW    330 mW      2 mW      2 mW      0 mW
  21:50:43   1320 mW   4639 mW      0 mW   1351 mW   1620 mW   2104 mW    119 mW    328 mW      2 mW      2 mW      0 mW
  21:50:43   1773 mW   4618 mW      0 mW   1341 mW   1618 mW   2101 mW    151 mW    329 mW      2 mW      2 mW      0 mW
  21:50:43   1620 mW   4544 mW      0 mW   1275 mW   1579 mW   2080 mW    156 mW    328 mW      2 mW      0 mW      0 mW
  21:50:44   1047 mW   3846 mW      0 mW   1271 mW   1486 mW   1783 mW    113 mW    318 mW      2 mW      2 mW      0 mW
  21:50:44    880 mW   2233 mW      0 mW   1031 mW   1093 mW   1143 mW     73 mW    323 mW      0 mW      2 mW      0 mW
  21:50:45    868 mW   2236 mW      0 mW   1088 mW   1113 mW   1257 mW     77 mW    327 mW      2 mW      2 mW      0 mW
  21:50:45    801 mW   2120 mW      0 mW    995 mW   1045 mW   1084 mW     68 mW    328 mW      2 mW      2 mW      0 mW
  21:50:46    892 mW   2265 mW      0 mW   1103 mW   1086 mW   1219 mW     80 mW    346 mW      2 mW      2 mW      0 mW
  21:50:46    847 mW   3199 mW      0 mW   1033 mW   1085 mW   1135 mW     73 mW    321 mW      2 mW      2 mW      0 mW
  21:50:46    911 mW   2536 mW      0 mW   1195 mW   1197 mW   1398 mW     78 mW    339 mW      2 mW      2 mW      0 mW
  21:50:47    758 mW   3157 mW      0 mW   1063 mW   1113 mW   1231 mW     68 mW    316 mW      2 mW      0 mW      0 mW
  21:50:47    860 mW   2259 mW      0 mW    994 mW   1021 mW   1060 mW     71 mW    334 mW      2 mW      2 mW      0 mW
  21:50:48    858 mW   2472 mW      0 mW   1135 mW   1196 mW   1371 mW     75 mW    326 mW      0 mW      2 mW      0 mW
  21:50:48    877 mW   2089 mW      0 mW   1047 mW   1074 mW   1215 mW     75 mW    328 mW      2 mW      2 mW      0 mW
  21:50:49    815 mW   2343 mW      0 mW   1062 mW   1076 mW   1240 mW     74 mW    335 mW      2 mW      2 mW      0 mW
  21:50:49    820 mW   2134 mW      0 mW    945 mW    990 mW   1012 mW     69 mW    324 mW      2 mW      2 mW      0 mW
  21:50:50    869 mW   3181 mW      0 mW   1161 mW   1195 mW   1331 mW     76 mW    336 mW      2 mW      2 mW      0 mW
  21:50:50    874 mW   2150 mW      0 mW   1053 mW   1113 mW   1199 mW     74 mW    325 mW      2 mW      2 mW      0 mW
  21:50:50    828 mW   2132 mW      0 mW   1020 mW   1038 mW   1155 mW     73 mW    330 mW      2 mW      0 mW      0 mW
  21:50:51    876 mW   2628 mW      0 mW   1145 mW   1198 mW   1344 mW     75 mW    346 mW      2 mW      2 mW      0 mW
  21:50:51   1582 mW   4381 mW      0 mW   1357 mW   1624 mW   2099 mW    119 mW    323 mW      0 mW      2 mW      0 mW
  21:50:52   1359 mW   4762 mW      0 mW   1420 mW   1705 mW   2146 mW    146 mW    330 mW      2 mW      2 mW      0 mW
  21:50:52   1661 mW   4923 mW      0 mW   1412 mW   1696 mW   2138 mW    154 mW    329 mW      2 mW      2 mW      0 mW
  21:50:53   1233 mW   4704 mW      0 mW   1376 mW   1698 mW   2132 mW    114 mW    329 mW      2 mW      2 mW      0 mW
  21:50:53   1865 mW   4897 mW      0 mW   1401 mW   1681 mW   2125 mW    159 mW    327 mW      2 mW      2 mW      0 mW
  21:50:53   1090 mW   4127 mW      0 mW   1300 mW   1539 mW   1989 mW    121 mW    329 mW      2 mW      0 mW      0 mW
  21:50:54    919 mW   2564 mW      0 mW   1084 mW   1230 mW   1356 mW     75 mW    316 mW      0 mW      2 mW      0 mW
  21:50:54    767 mW   2210 mW      0 mW    984 mW   1037 mW   1103 mW     68 mW    327 mW      2 mW      2 mW      0 mW
  21:50:55    847 mW   2572 mW      0 mW   1226 mW   1274 mW   1573 mW     76 mW    335 mW      2 mW      2 mW      0 mW
  21:50:55    824 mW   2398 mW      0 mW   1112 mW   1172 mW   1389 mW     72 mW    315 mW      2 mW      2 mW      0 mW
  21:50:56    901 mW   4205 mW      0 mW   1347 mW   1431 mW   1789 mW     79 mW    351 mW      2 mW      2 mW      0 mW
  21:50:56    737 mW   2447 mW      0 mW   1018 mW   1150 mW   1304 mW     66 mW    315 mW      2 mW      2 mW      0 mW
  21:50:56    854 mW   2495 mW      0 mW   1078 mW   1060 mW   1216 mW     74 mW    329 mW      2 mW      0 mW      0 mW
  21:50:57    846 mW   2529 mW      0 mW   1115 mW   1130 mW   1315 mW     74 mW    329 mW      2 mW      2 mW      0 mW
  21:50:57    838 mW   2644 mW      0 mW   1145 mW   1180 mW   1400 mW     73 mW    324 mW      0 mW      2 mW      0 mW
  21:50:58    758 mW   2598 mW      0 mW   1170 mW   1220 mW   1446 mW     68 mW    337 mW      2 mW      2 mW      0 mW
  21:50:58    829 mW   2397 mW      0 mW   1107 mW   1136 mW   1375 mW     71 mW    321 mW      2 mW      2 mW      0 mW
  21:50:59    907 mW   2445 mW      0 mW   1162 mW   1171 mW   1368 mW     80 mW    344 mW      2 mW      2 mW      0 mW
  21:50:59    868 mW   2145 mW      0 mW   1018 mW   1094 mW   1177 mW     74 mW    318 mW      2 mW      2 mW      0 mW
  21:51:00    832 mW   2083 mW      0 mW   1008 mW   1064 mW   1155 mW     71 mW    327 mW      2 mW      2 mW      0 mW
  21:51:00    875 mW   2134 mW      0 mW   1059 mW   1084 mW   1199 mW     78 mW    339 mW      2 mW      2 mW      0 mW
  21:51:00    936 mW   2156 mW      0 mW   1049 mW   1056 mW   1123 mW     77 mW    337 mW      2 mW      0 mW      0 mW
  21:51:01   1463 mW   3855 mW      0 mW   1319 mW   1569 mW   1989 mW    119 mW    333 mW      2 mW      2 mW      0 mW
  21:51:01   1344 mW   4358 mW      0 mW   1308 mW   1602 mW   2077 mW    121 mW    327 mW      0 mW      2 mW      0 mW
  21:51:02   1289 mW   4364 mW      0 mW   1299 mW   1594 mW   2079 mW    136 mW    328 mW      2 mW      2 mW      0 mW
  21:51:02   1654 mW   4262 mW      0 mW   1305 mW   1579 mW   2058 mW    128 mW    323 mW      2 mW      2 mW      0 mW
  21:51:02   1593 mW   4426 mW      0 mW   1346 mW   1639 mW   2135 mW    153 mW    336 mW      2 mW      2 mW      0 mW
  21:51:03   1465 mW   4529 mW      0 mW   1365 mW   1645 mW   2127 mW    143 mW    331 mW      2 mW      0 mW      0 mW
  21:51:03    747 mW   2815 mW      0 mW    982 mW   1149 mW   1206 mW     76 mW    304 mW      2 mW      2 mW      0 mW
  21:51:04   1025 mW   2178 mW      0 mW   1097 mW   1102 mW   1252 mW     92 mW    337 mW      0 mW      2 mW      0 mW
  21:51:04    910 mW   2516 mW      0 mW   1204 mW   1286 mW   1492 mW     80 mW    332 mW      2 mW      2 mW      0 mW
  21:51:05    870 mW   2180 mW      0 mW   1092 mW   1156 mW   1325 mW     75 mW    325 mW      2 mW      2 mW      0 mW
  21:51:05    803 mW   3461 mW      0 mW   1216 mW   1351 mW   1647 mW     73 mW    346 mW      2 mW      2 mW      0 mW
  21:51:06    863 mW   3345 mW      0 mW   1146 mW   1330 mW   1495 mW     71 mW    316 mW      2 mW      2 mW      0 mW
  21:51:06    870 mW   2128 mW      0 mW   1037 mW   1095 mW   1149 mW     76 mW    319 mW      2 mW      2 mW      0 mW
  21:51:06    890 mW   2119 mW      0 mW   1065 mW   1108 mW   1138 mW     77 mW    334 mW      2 mW      0 mW      0 mW
  21:51:07    818 mW   2672 mW      0 mW   1090 mW   1114 mW   1202 mW     69 mW    344 mW      2 mW      2 mW      0 mW
  21:51:07    876 mW   5615 mW      0 mW   1414 mW   1588 mW   1746 mW     75 mW    309 mW      0 mW      2 mW      0 mW
  21:51:08    897 mW   2154 mW      0 mW   1184 mW   1258 mW   1490 mW     79 mW    329 mW      2 mW      2 mW      0 mW
  21:51:08    885 mW   2275 mW      0 mW   1076 mW   1114 mW   1148 mW     79 mW    330 mW      2 mW      2 mW      0 mW
  21:51:09    784 mW   1990 mW      0 mW    938 mW    949 mW    986 mW     67 mW    336 mW      2 mW      2 mW      0 mW
  21:51:09    886 mW   2177 mW      0 mW   1089 mW   1134 mW   1309 mW     75 mW    325 mW      2 mW      2 mW      0 mW
  21:51:09    889 mW   2140 mW      0 mW   1064 mW   1193 mW   1227 mW     78 mW    333 mW      2 mW      2 mW      0 mW
  21:51:10    902 mW   2206 mW      0 mW   1057 mW   1085 mW   1199 mW     80 mW    328 mW      2 mW      0 mW      0 mW
  21:51:10   2605 mW   3468 mW      0 mW   1256 mW   1450 mW   1947 mW    192 mW    339 mW      2 mW      2 mW      0 mW
  21:51:11   1596 mW   4437 mW      0 mW   1324 mW   1609 mW   2103 mW    153 mW    332 mW      0 mW      2 mW      0 mW
  21:51:11   1916 mW   4471 mW      0 mW   1333 mW   1635 mW   2110 mW    178 mW    330 mW      2 mW      2 mW      0 mW
  21:51:12   1736 mW   4439 mW      0 mW   1335 mW   1615 mW   2095 mW    163 mW    330 mW      2 mW      2 mW      0 mW
  21:51:12   1564 mW   4251 mW      0 mW   1273 mW   1569 mW   2065 mW    156 mW    326 mW      2 mW      2 mW      0 mW
  21:51:12   1230 mW   4737 mW      0 mW   1329 mW   1631 mW   2107 mW    131 mW    334 mW      2 mW      2 mW      0 mW
