# IOReport telemetry  interval=500ms  csv=/Users/vanreece/dev/metal_ml_lab/experiments/009-sub-floor-reproduction/raw/20260428T211252-ioreport.csv
# Ctrl-C to stop
# time        gpu mW    cpu mW    ane mW   dram mW   amcc mW    dcs mW    afr mW   disp mW    isp mW    ave mW  gpu_sram mW
  21:12:54    121 mW    402 mW      0 mW    252 mW    484 mW    371 mW      9 mW    313 mW      3 mW      2 mW      0 mW
  21:12:54    141 mW   3224 mW      0 mW    615 mW   1114 mW   1373 mW     10 mW    327 mW      1 mW      1 mW      0 mW
  21:12:55    130 mW   4526 mW      0 mW    682 mW   1225 mW   1610 mW     11 mW    324 mW      2 mW      3 mW      0 mW
  21:12:56    131 mW   2518 mW      0 mW    425 mW    756 mW    860 mW     10 mW    302 mW      3 mW      1 mW      0 mW
  21:12:56    146 mW    963 mW      0 mW    315 mW    606 mW    541 mW     10 mW    334 mW      1 mW      1 mW      0 mW
  21:12:57    128 mW   1243 mW      0 mW    323 mW    616 mW    551 mW     10 mW    323 mW      1 mW      3 mW      0 mW
  21:12:58    140 mW   1028 mW      0 mW    270 mW    527 mW    416 mW     11 mW    315 mW      3 mW      1 mW      0 mW
  21:12:58    125 mW   1049 mW      0 mW    329 mW    605 mW    577 mW     10 mW    328 mW      1 mW      3 mW      0 mW
  21:12:59    138 mW   1041 mW      0 mW    288 mW    537 mW    457 mW     10 mW    327 mW      3 mW      1 mW      0 mW
  21:13:00    140 mW   1087 mW      0 mW    338 mW    628 mW    575 mW     10 mW    323 mW      1 mW      1 mW      0 mW
  21:13:01    241 mW   1212 mW      0 mW    393 mW    786 mW    734 mW     16 mW    329 mW      1 mW      3 mW      0 mW
  21:13:01    197 mW   1818 mW      0 mW    402 mW    752 mW    798 mW     19 mW    305 mW      3 mW      1 mW      0 mW
  21:13:02    138 mW   1484 mW      0 mW    371 mW    660 mW    675 mW     12 mW    329 mW      1 mW      1 mW      0 mW
  21:13:03    134 mW    959 mW      0 mW    289 mW    578 mW    500 mW     10 mW    324 mW      1 mW      3 mW      0 mW
  21:13:03    151 mW   2145 mW      0 mW    437 mW    775 mW    807 mW     10 mW    324 mW      3 mW      1 mW      0 mW
  21:13:04    125 mW   1163 mW      0 mW    329 mW    620 mW    668 mW     10 mW    320 mW      1 mW      3 mW      0 mW
  21:13:05    130 mW    970 mW      0 mW    292 mW    589 mW    521 mW     10 mW    324 mW      1 mW      1 mW      0 mW
  21:13:05    142 mW   1014 mW      0 mW    293 mW    563 mW    491 mW     12 mW    321 mW      3 mW      1 mW      0 mW
  21:13:06    122 mW    966 mW      0 mW    267 mW    555 mW    463 mW      9 mW    323 mW      1 mW      3 mW      0 mW
  21:13:07    152 mW   1055 mW      0 mW    316 mW    594 mW    512 mW     12 mW    327 mW      3 mW      1 mW      0 mW
  21:13:07    131 mW   1516 mW      0 mW    347 mW    626 mW    571 mW     10 mW    319 mW      1 mW      1 mW      0 mW
  21:13:08    230 mW   1207 mW      0 mW    363 mW    731 mW    731 mW     17 mW    330 mW      2 mW      3 mW      0 mW
  21:13:09    198 mW   1700 mW      0 mW    340 mW    627 mW    656 mW     17 mW    306 mW      3 mW      1 mW      0 mW
  21:13:09    127 mW    975 mW      0 mW    304 mW    527 mW    502 mW     10 mW    325 mW      1 mW      1 mW      0 mW
  21:13:10    124 mW   1050 mW      0 mW    307 mW    602 mW    511 mW      9 mW    329 mW      1 mW      3 mW      0 mW
  21:13:11    132 mW   1681 mW      0 mW    354 mW    637 mW    617 mW     10 mW    324 mW      3 mW      1 mW      0 mW
  21:13:12    131 mW   1171 mW      0 mW    368 mW    645 mW    529 mW     10 mW    323 mW      1 mW      3 mW      0 mW
  21:13:12    137 mW   1504 mW      0 mW    351 mW    657 mW    634 mW     10 mW    323 mW      3 mW      1 mW      0 mW
  21:13:13    130 mW   1099 mW      0 mW    324 mW    595 mW    545 mW     10 mW    315 mW      1 mW      1 mW      0 mW
  21:13:14    121 mW    941 mW      0 mW    294 mW    558 mW    507 mW     10 mW    329 mW      1 mW      3 mW      0 mW
  21:13:14    133 mW   1060 mW      0 mW    331 mW    616 mW    583 mW     10 mW    320 mW      3 mW      1 mW      0 mW
  21:13:15    130 mW    975 mW      0 mW    264 mW    513 mW    420 mW     10 mW    318 mW      1 mW      1 mW      0 mW
  21:13:16    521 mW   1798 mW      0 mW    546 mW    941 mW   1069 mW     43 mW    335 mW      1 mW      3 mW      0 mW
  21:13:16    149 mW   1397 mW      0 mW    365 mW    668 mW    686 mW     15 mW    322 mW      3 mW      1 mW      0 mW
  21:13:17    115 mW   1019 mW      0 mW    289 mW    538 mW    458 mW      9 mW    317 mW      1 mW      3 mW      0 mW
  21:13:18    146 mW   1595 mW      0 mW    441 mW    742 mW    822 mW     11 mW    334 mW      3 mW      2 mW      0 mW
  21:13:18    130 mW   1670 mW      0 mW    335 mW    606 mW    561 mW     11 mW    303 mW      1 mW      1 mW      0 mW
  21:13:19    132 mW    982 mW      0 mW    284 mW    564 mW    441 mW     10 mW    336 mW      1 mW      3 mW      0 mW
  21:13:20    128 mW   1116 mW      0 mW    298 mW    535 mW    450 mW     10 mW    323 mW      3 mW      1 mW      0 mW
  21:13:20    142 mW   1312 mW      0 mW    427 mW    717 mW    693 mW     10 mW    321 mW      1 mW      1 mW      0 mW
  21:13:21    125 mW   1168 mW      0 mW    411 mW    670 mW    702 mW     10 mW    320 mW      1 mW      3 mW      0 mW
  21:13:22    140 mW   1184 mW      0 mW    366 mW    653 mW    584 mW     10 mW    323 mW      3 mW      1 mW      0 mW
  21:13:22    127 mW   1060 mW      0 mW    324 mW    596 mW    585 mW     10 mW    311 mW      1 mW      3 mW      0 mW
  21:13:23    445 mW   2034 mW      0 mW    579 mW   1082 mW   1387 mW     39 mW    338 mW      3 mW      1 mW      0 mW
  21:13:24    136 mW   1096 mW      0 mW    297 mW    564 mW    475 mW     10 mW    312 mW      1 mW      1 mW      0 mW
  21:13:25    120 mW    936 mW      0 mW    285 mW    566 mW    510 mW      8 mW    319 mW      1 mW      3 mW      0 mW
  21:13:25    130 mW   1547 mW      0 mW    422 mW    783 mW    820 mW     10 mW    340 mW      3 mW      1 mW      0 mW
  21:13:26    122 mW   1174 mW      0 mW    298 mW    576 mW    532 mW     10 mW    318 mW      1 mW      1 mW      0 mW
  21:13:27    148 mW   1041 mW      0 mW    312 mW    574 mW    540 mW     10 mW    322 mW      1 mW      3 mW      0 mW
  21:13:27    134 mW   1169 mW      0 mW    352 mW    607 mW    566 mW     10 mW    324 mW      3 mW      1 mW      0 mW
  21:13:28    113 mW   1374 mW      0 mW    376 mW    617 mW    603 mW     10 mW    312 mW      1 mW      3 mW      0 mW
  21:13:29    141 mW   1073 mW      0 mW    342 mW    622 mW    616 mW     10 mW    336 mW      3 mW      1 mW      0 mW
  21:13:29    133 mW   1020 mW      0 mW    285 mW    489 mW    451 mW     10 mW    311 mW      1 mW      1 mW      0 mW
  21:13:30    128 mW   1006 mW      0 mW    291 mW    559 mW    470 mW     10 mW    333 mW      1 mW      3 mW      0 mW
