# IOReport telemetry  interval=250ms  csv=/Users/vanreece/dev/metal_ml_lab/experiments/016-matmul-discrimination/raw/20260429T213756.csv  states_csv=/Users/vanreece/dev/metal_ml_lab/experiments/016-matmul-discrimination/raw/20260429T213756-states.csv
# Ctrl-C to stop
# time        gpu mW    cpu mW    ane mW   dram mW   amcc mW    dcs mW    afr mW   disp mW    isp mW    ave mW  gpu_sram mW
  21:37:57    130 mW   1145 mW      0 mW    469 mW    879 mW    548 mW     13 mW    209 mW      3 mW      3 mW      0 mW
  21:37:57    176 mW   1856 mW      0 mW    575 mW    998 mW    797 mW     15 mW    252 mW      2 mW      2 mW      0 mW
  21:37:58    108 mW   1672 mW      0 mW    513 mW    919 mW    697 mW     11 mW    222 mW      2 mW      2 mW      0 mW
  21:37:58    183 mW   1799 mW      0 mW    578 mW    983 mW    828 mW     15 mW    250 mW      2 mW      2 mW      0 mW
  21:37:59    250 mW   4190 mW      0 mW   1211 mW   2008 mW   1890 mW     22 mW    294 mW      2 mW      2 mW      0 mW
  21:37:59    164 mW   4773 mW      0 mW   1160 mW   2033 mW   2009 mW     13 mW    214 mW      0 mW      2 mW      0 mW
  21:38:00    215 mW   3784 mW      0 mW    854 mW   1457 mW   1228 mW     18 mW    304 mW      2 mW      0 mW      0 mW
  21:38:00    924 mW   4661 mW      0 mW    977 mW   1825 mW   1981 mW     67 mW    239 mW      2 mW      2 mW      0 mW
  21:38:01    291 mW   2957 mW      0 mW    654 mW   1187 mW   1039 mW     45 mW    286 mW      2 mW      2 mW      0 mW
  21:38:01    130 mW   1876 mW      0 mW    511 mW    945 mW    765 mW      9 mW    191 mW      2 mW      2 mW      0 mW
  21:38:01    420 mW   2853 mW      0 mW    910 mW   1578 mW   1663 mW     36 mW    310 mW      2 mW      2 mW      0 mW
  21:38:02    416 mW   4533 mW      0 mW    911 mW   1692 mW   1765 mW     43 mW    295 mW      2 mW      2 mW      0 mW
  21:38:02    196 mW   1973 mW      0 mW    640 mW   1181 mW   1029 mW     14 mW    234 mW      2 mW      2 mW      0 mW
  21:38:03    205 mW   2069 mW      0 mW    745 mW   1163 mW   1132 mW     21 mW    297 mW      0 mW      0 mW      0 mW
  21:38:03    788 mW   3636 mW      0 mW    868 mW   1612 mW   1761 mW     55 mW    233 mW      2 mW      2 mW      0 mW
  21:38:04    331 mW   3470 mW      0 mW    745 mW   1345 mW   1231 mW     37 mW    307 mW      2 mW      2 mW      0 mW
  21:38:04    257 mW   1882 mW      0 mW    600 mW   1091 mW    874 mW     20 mW    279 mW      2 mW      2 mW      0 mW
  21:38:05    489 mW   2438 mW      0 mW    811 mW   1494 mW   1386 mW     38 mW    320 mW      2 mW      2 mW      0 mW
  21:38:05    788 mW   4665 mW      0 mW    926 mW   1771 mW   1918 mW     61 mW    270 mW      2 mW      2 mW      0 mW
  21:38:05    202 mW   2362 mW      0 mW    670 mW   1178 mW   1040 mW     24 mW    288 mW      2 mW      2 mW      0 mW
  21:38:06    136 mW   1757 mW      0 mW    616 mW   1016 mW    953 mW     13 mW    290 mW      2 mW      2 mW      0 mW
  21:38:06    622 mW   3722 mW      0 mW    901 mW   1589 mW   1690 mW     43 mW    299 mW      2 mW      2 mW      0 mW
  21:38:07    454 mW   3915 mW      0 mW    834 mW   1508 mW   1464 mW     59 mW    307 mW      0 mW      2 mW      0 mW
  21:38:07    148 mW   1767 mW      0 mW    522 mW   1015 mW    820 mW     11 mW    178 mW      2 mW      0 mW      0 mW
  21:38:08    265 mW   2034 mW      0 mW    744 mW   1180 mW   1171 mW     21 mW    327 mW      2 mW      2 mW      0 mW
  21:38:08    689 mW   4735 mW      0 mW    996 mW   1753 mW   1887 mW     54 mW    219 mW      2 mW      2 mW      0 mW
  21:38:09    338 mW   3304 mW      0 mW    777 mW   1392 mW   1308 mW     41 mW    309 mW      2 mW      2 mW      0 mW
  21:38:09    126 mW   1931 mW      0 mW    536 mW    949 mW    823 mW     11 mW    211 mW      2 mW      2 mW      0 mW
  21:38:09    368 mW   2399 mW      0 mW    862 mW   1491 mW   1446 mW     29 mW    304 mW      2 mW      2 mW      0 mW
  21:38:10    617 mW   4355 mW      0 mW    973 mW   1809 mW   1937 mW     47 mW    288 mW      2 mW      2 mW      0 mW
  21:38:10    470 mW   3754 mW      0 mW    872 mW   1659 mW   1712 mW     49 mW    251 mW      2 mW      2 mW      0 mW
  21:38:11    191 mW   2063 mW      0 mW    668 mW   1190 mW   1041 mW     18 mW    287 mW      0 mW      0 mW      0 mW
  21:38:11    123 mW   2034 mW      0 mW    636 mW   1101 mW   1079 mW     11 mW    196 mW      2 mW      2 mW      0 mW
  21:38:12    803 mW   2618 mW      0 mW    862 mW   1699 mW   1523 mW     52 mW    322 mW      2 mW      2 mW      0 mW
  21:38:12    940 mW   3219 mW      0 mW    832 mW   1693 mW   1664 mW     79 mW    198 mW      2 mW      2 mW      0 mW
  21:38:12    821 mW   3287 mW      0 mW    959 mW   1911 mW   1818 mW     79 mW    336 mW      2 mW      2 mW      0 mW
  21:38:13    495 mW   2816 mW      0 mW    756 mW   1592 mW   1497 mW     55 mW    253 mW      2 mW      2 mW      0 mW
  21:38:13    324 mW   2691 mW      0 mW    870 mW   1508 mW   1435 mW     26 mW    251 mW      2 mW      2 mW      0 mW
  21:38:14    179 mW   4290 mW      0 mW    953 mW   1466 mW   1409 mW     17 mW    308 mW      0 mW      0 mW      0 mW
  21:38:14    858 mW   3640 mW      0 mW    846 mW   1594 mW   1728 mW     60 mW    201 mW      2 mW      2 mW      0 mW
  21:38:15    534 mW   3863 mW      0 mW    815 mW   1453 mW   1399 mW     54 mW    290 mW      2 mW      2 mW      0 mW
  21:38:15    199 mW   1717 mW      0 mW    509 mW   1011 mW    766 mW     17 mW    187 mW      2 mW      2 mW      0 mW
  21:38:16    331 mW   2414 mW      0 mW    836 mW   1445 mW   1325 mW     26 mW    323 mW      2 mW      2 mW      0 mW
  21:38:16    761 mW   5722 mW      0 mW    996 mW   1946 mW   1953 mW     57 mW    235 mW      2 mW      2 mW      0 mW
  21:38:16    262 mW   3173 mW      0 mW    879 mW   1504 mW   1439 mW     30 mW    293 mW      2 mW      2 mW      0 mW
  21:38:17    182 mW   9445 mW      0 mW   1476 mW   2525 mW   2170 mW     19 mW    318 mW      2 mW      2 mW      0 mW
  21:38:17    414 mW  11231 mW      0 mW   1362 mW   2505 mW   2138 mW     28 mW    323 mW      2 mW      2 mW      0 mW
  21:38:18    638 mW   7252 mW      0 mW   1079 mW   1969 mW   1921 mW     63 mW    312 mW      2 mW      2 mW      0 mW
  21:38:18    184 mW   2502 mW      0 mW    690 mW   1226 mW   1106 mW     16 mW    329 mW      5 mW      2 mW      0 mW
  21:38:19    222 mW   2338 mW      0 mW    787 mW   1292 mW   1248 mW     21 mW    324 mW      0 mW      2 mW      0 mW
  21:38:19    853 mW   3693 mW      0 mW    923 mW   1631 mW   1758 mW     59 mW    323 mW      2 mW      2 mW      0 mW
  21:38:19    628 mW   4258 mW      0 mW    955 mW   1610 mW   1631 mW     67 mW    335 mW      2 mW      2 mW      0 mW
  21:38:20    409 mW   2143 mW      0 mW    757 mW   1295 mW   1181 mW     34 mW    321 mW      2 mW      2 mW      0 mW
  21:38:20    467 mW   2134 mW      0 mW    755 mW   1328 mW   1174 mW     35 mW    337 mW      2 mW      0 mW      0 mW
  21:38:21    845 mW   4994 mW      0 mW   1051 mW   1830 mW   1978 mW     64 mW    330 mW      2 mW      2 mW      0 mW
  21:38:21    269 mW   3203 mW      0 mW    645 mW   1141 mW   1150 mW     32 mW    214 mW      2 mW      2 mW      0 mW
  21:38:22    214 mW   2038 mW      0 mW    658 mW    884 mW    998 mW     21 mW    315 mW      0 mW      2 mW      0 mW
  21:38:22    307 mW   2091 mW      0 mW    537 mW    805 mW   1101 mW     23 mW    248 mW      2 mW      2 mW      0 mW
  21:38:22    918 mW   4099 mW      0 mW    852 mW   1445 mW   1918 mW     66 mW    334 mW      2 mW      2 mW      0 mW
  21:38:23    259 mW   2410 mW      0 mW    495 mW    829 mW    972 mW     35 mW    284 mW      2 mW      2 mW      0 mW
  21:38:23    212 mW   1619 mW      0 mW    525 mW    846 mW    948 mW     18 mW    287 mW      2 mW      2 mW      0 mW
  21:38:24    559 mW   2029 mW      0 mW    590 mW    936 mW   1084 mW     43 mW    341 mW      2 mW      0 mW      0 mW
  21:38:24    911 mW   3300 mW      0 mW    713 mW   1278 mW   1762 mW     74 mW    243 mW      2 mW      2 mW      0 mW
  21:38:25    662 mW   3468 mW      0 mW    772 mW   1310 mW   1727 mW     70 mW    323 mW      2 mW      2 mW      0 mW
  21:38:25    155 mW   1562 mW      0 mW    393 mW    730 mW    789 mW     11 mW    198 mW      0 mW      2 mW      0 mW
  21:38:26    245 mW   1457 mW      0 mW    495 mW    846 mW    877 mW     22 mW    316 mW      2 mW      2 mW      0 mW
  21:38:26    696 mW   1826 mW      0 mW    559 mW   1144 mW   1162 mW     46 mW    276 mW      2 mW      2 mW      0 mW
  21:38:26   1019 mW   2456 mW      0 mW    694 mW   1328 mW   1506 mW     86 mW    297 mW      2 mW      2 mW      0 mW
  21:38:27   1009 mW   2343 mW      0 mW    663 mW   1292 mW   1433 mW     82 mW    329 mW      2 mW      2 mW      0 mW
  21:38:27   1008 mW   2301 mW      0 mW    577 mW   1214 mW   1310 mW     79 mW    236 mW      2 mW      0 mW      0 mW
  21:38:28    659 mW   2423 mW      0 mW    661 mW   1222 mW   1338 mW     72 mW    320 mW      2 mW      2 mW      0 mW
  21:38:28    177 mW   1574 mW      0 mW    411 mW    569 mW    797 mW     16 mW    201 mW      0 mW      2 mW      0 mW
  21:38:29    221 mW   1593 mW      0 mW    464 mW    704 mW    713 mW     20 mW    322 mW      2 mW      2 mW      0 mW
  21:38:29    733 mW   3247 mW      0 mW    656 mW   1167 mW   1599 mW     54 mW    255 mW      2 mW      2 mW      0 mW
  21:38:29    444 mW   3146 mW      0 mW    626 mW   1064 mW   1324 mW     50 mW    269 mW      2 mW      2 mW      0 mW
  21:38:30    189 mW   1686 mW      0 mW    494 mW    706 mW    820 mW     19 mW    319 mW      2 mW      2 mW      0 mW
  21:38:30    284 mW   1727 mW      0 mW    532 mW    902 mW   1093 mW     19 mW    274 mW      2 mW      0 mW      0 mW
  21:38:31    927 mW   4430 mW      0 mW    835 mW   1400 mW   1870 mW     71 mW    332 mW      2 mW      2 mW      0 mW
  21:38:31    219 mW   2506 mW      0 mW    443 mW    807 mW    900 mW     30 mW    191 mW      2 mW      2 mW      0 mW
  21:38:32    212 mW   1600 mW      0 mW    485 mW    733 mW    778 mW     21 mW    318 mW      0 mW      2 mW      0 mW
  21:38:32    424 mW   2436 mW      0 mW    609 mW   1042 mW   1394 mW     29 mW    255 mW      2 mW      2 mW      0 mW
  21:38:32    743 mW   4571 mW      0 mW    854 mW   1428 mW   1889 mW     76 mW    317 mW      2 mW      2 mW      0 mW
  21:38:33    197 mW   1994 mW      0 mW    501 mW    836 mW    962 mW     22 mW    285 mW      2 mW      2 mW      0 mW
  21:38:33    194 mW   1481 mW      0 mW    428 mW    719 mW    797 mW     18 mW    247 mW      2 mW      0 mW      0 mW
  21:38:34    907 mW   3428 mW      0 mW    791 mW   1249 mW   1675 mW     68 mW    351 mW      2 mW      2 mW      0 mW
  21:38:34    441 mW   3377 mW      0 mW    608 mW   1136 mW   1499 mW     46 mW    206 mW      2 mW      2 mW      0 mW
  21:38:35    236 mW   2239 mW      0 mW    676 mW    923 mW   1103 mW     21 mW    312 mW      2 mW      2 mW      0 mW
  21:38:35    176 mW   3251 mW      0 mW    632 mW    894 mW   1052 mW     13 mW    191 mW      0 mW      2 mW      0 mW
  21:38:35    891 mW   3917 mW      0 mW    863 mW   1447 mW   1889 mW     66 mW    352 mW      2 mW      2 mW      0 mW
  21:38:36    293 mW   2922 mW      0 mW    534 mW    931 mW   1192 mW     38 mW    258 mW      2 mW      2 mW      0 mW
  21:38:36    222 mW   1514 mW      0 mW    476 mW    782 mW    829 mW     16 mW    259 mW      2 mW      2 mW      0 mW
  21:38:37    613 mW   2518 mW      0 mW    800 mW   1267 mW   1420 mW     45 mW    341 mW      2 mW      2 mW      0 mW
  21:38:37    955 mW   3644 mW      0 mW    678 mW   1254 mW   1729 mW     82 mW    215 mW      2 mW      0 mW      0 mW
  21:38:38    439 mW   3174 mW      0 mW    685 mW   1129 mW   1256 mW     52 mW    322 mW      2 mW      2 mW      0 mW
  21:38:38    164 mW   1574 mW      0 mW    483 mW    777 mW    870 mW     13 mW    221 mW      2 mW      2 mW      0 mW
  21:38:39    389 mW   2407 mW      0 mW    690 mW   1042 mW   1078 mW     30 mW    346 mW      0 mW      2 mW      0 mW
  21:38:39    855 mW   2094 mW      0 mW    534 mW   1125 mW   1278 mW     53 mW    238 mW      2 mW      2 mW      0 mW
  21:38:39    968 mW   3471 mW      0 mW    849 mW   1460 mW   1887 mW     86 mW    324 mW      2 mW      2 mW      0 mW
  21:38:40    565 mW   2893 mW      0 mW    634 mW   1174 mW   1512 mW     63 mW    296 mW      2 mW      2 mW      0 mW
  21:38:40    161 mW   1416 mW      0 mW    347 mW    701 mW    686 mW     11 mW    199 mW      2 mW      0 mW      0 mW
  21:38:41    231 mW   1648 mW      0 mW    550 mW    857 mW   1005 mW     20 mW    327 mW      2 mW      2 mW      0 mW
  21:38:41   1158 mW   1767 mW      0 mW    519 mW   1136 mW   1196 mW     68 mW    194 mW      2 mW      2 mW      0 mW
  21:38:42   1251 mW   2133 mW      0 mW    656 mW   1317 mW   1443 mW     91 mW    327 mW      0 mW      2 mW      0 mW
  21:38:42   1301 mW   2289 mW      0 mW    652 mW   1366 mW   1485 mW     93 mW    230 mW      2 mW      2 mW      0 mW
  21:38:42   1236 mW   2030 mW      0 mW    638 mW   1290 mW   1417 mW     90 mW    310 mW      2 mW      2 mW      0 mW
  21:38:43   1101 mW   2032 mW      0 mW    605 mW   1294 mW   1308 mW     91 mW    280 mW      2 mW      2 mW      0 mW
  21:38:43    605 mW   1861 mW      0 mW    552 mW   1038 mW   1233 mW     58 mW    266 mW      2 mW      2 mW      0 mW
  21:38:44    168 mW   1514 mW      0 mW    435 mW    663 mW    679 mW     18 mW    335 mW      2 mW      0 mW      0 mW
  21:38:44    187 mW   1308 mW      0 mW    388 mW    719 mW    834 mW     11 mW    198 mW      2 mW      2 mW      0 mW
  21:38:45    798 mW   4369 mW      0 mW    867 mW   1466 mW   1917 mW     70 mW    346 mW      2 mW      2 mW      0 mW
  21:38:45    272 mW   5605 mW      0 mW    879 mW   1306 mW   1552 mW     25 mW    227 mW      0 mW      2 mW      0 mW
  21:38:46    195 mW   1675 mW      0 mW    475 mW    693 mW    723 mW     21 mW    313 mW      2 mW      2 mW      0 mW
  21:38:46    268 mW   1724 mW      0 mW    471 mW    828 mW   1050 mW     21 mW    272 mW      2 mW      2 mW      0 mW
  21:38:46    924 mW   4270 mW      0 mW    802 mW   1387 mW   1850 mW     68 mW    307 mW      2 mW      2 mW      0 mW
  21:38:47    240 mW   2252 mW      0 mW    531 mW    879 mW   1049 mW     37 mW    302 mW      2 mW      2 mW      0 mW
  21:38:47    161 mW   1554 mW      0 mW    460 mW    785 mW    845 mW     14 mW    276 mW      2 mW      2 mW      0 mW
  21:38:48   1162 mW   2869 mW      0 mW    737 mW   1298 mW   1689 mW     78 mW    339 mW      2 mW      0 mW      0 mW
  21:38:48    469 mW   3565 mW      0 mW    639 mW   1184 mW   1573 mW     51 mW    228 mW      2 mW      2 mW      0 mW
  21:38:49    193 mW   1718 mW      0 mW    524 mW    797 mW    933 mW     20 mW    327 mW      0 mW      2 mW      0 mW
  21:38:49    140 mW   1459 mW      0 mW    394 mW    664 mW    763 mW      9 mW    228 mW      2 mW      2 mW      0 mW
  21:38:50    834 mW   3508 mW      0 mW    769 mW   1301 mW   1684 mW     61 mW    308 mW      2 mW      2 mW      0 mW
  21:38:50    341 mW   3278 mW      0 mW    626 mW   1068 mW   1355 mW     46 mW    258 mW      2 mW      2 mW      0 mW
  21:38:50    184 mW   1458 mW      0 mW    470 mW    854 mW    939 mW     16 mW    280 mW      2 mW      2 mW      0 mW
  21:38:51    270 mW   1725 mW      0 mW    530 mW    906 mW   1056 mW     21 mW    328 mW      2 mW      2 mW      0 mW
  21:38:51    964 mW   4085 mW      0 mW    777 mW   1373 mW   1835 mW     69 mW    211 mW      2 mW      0 mW      0 mW
  21:38:52    286 mW   2291 mW      0 mW    554 mW    911 mW    929 mW     40 mW    310 mW      2 mW      2 mW      0 mW
  21:38:52    100 mW   1343 mW      0 mW    458 mW    754 mW    621 mW      9 mW    186 mW      0 mW      2 mW      0 mW
  21:38:53    381 mW   1769 mW      0 mW    655 mW   1072 mW   1100 mW     29 mW    336 mW      2 mW      2 mW      0 mW
  21:38:53    810 mW   4979 mW      0 mW    994 mW   1519 mW   1920 mW     55 mW    242 mW      2 mW      2 mW      0 mW
  21:38:53    567 mW   4539 mW      0 mW    856 mW   1318 mW   1561 mW     57 mW    262 mW      2 mW      2 mW      0 mW
  21:38:54    138 mW   1427 mW      0 mW    530 mW    765 mW    788 mW     16 mW    314 mW      2 mW      2 mW      0 mW
  21:38:54    171 mW   1094 mW      0 mW    388 mW    691 mW    573 mW     11 mW    174 mW      2 mW      0 mW      0 mW
  21:38:55   1368 mW   2204 mW      0 mW    727 mW   1375 mW   1344 mW     74 mW    353 mW      2 mW      2 mW      0 mW
  21:38:55   1429 mW   2351 mW      0 mW    615 mW   1202 mW   1388 mW     85 mW    172 mW      2 mW      2 mW      0 mW
  21:38:56   1643 mW   2703 mW      0 mW    763 mW   1415 mW   1651 mW    111 mW    344 mW      0 mW      2 mW      0 mW
  21:38:56    337 mW   1768 mW      0 mW    450 mW    764 mW    817 mW     37 mW    202 mW      2 mW      2 mW      0 mW
  21:38:56    156 mW   1099 mW      0 mW    451 mW    765 mW    675 mW     15 mW    274 mW      2 mW      2 mW      0 mW
  21:38:57    958 mW   1381 mW      0 mW    580 mW   1215 mW   1033 mW     45 mW    298 mW      2 mW      2 mW      0 mW
  21:38:57   2536 mW   1789 mW      0 mW    706 mW   1306 mW   1630 mW    147 mW    235 mW      2 mW      2 mW      0 mW
  21:38:58   2514 mW   1916 mW      0 mW    669 mW   1325 mW   1421 mW    128 mW    319 mW      2 mW      0 mW      0 mW
  21:38:58   2379 mW   1892 mW      0 mW    523 mW   1230 mW   1360 mW    111 mW    173 mW      2 mW      2 mW      0 mW
  21:38:59   2185 mW   1690 mW      0 mW    579 mW   1315 mW   1368 mW    113 mW    333 mW      2 mW      2 mW      0 mW
  21:38:59   2477 mW   1852 mW      0 mW    532 mW   1222 mW   1366 mW    124 mW    183 mW      0 mW      2 mW      0 mW
  21:39:00    880 mW   1801 mW      0 mW    442 mW    848 mW    901 mW     60 mW    309 mW      2 mW      2 mW      0 mW
  21:39:00     70 mW   1194 mW      0 mW    331 mW    682 mW    657 mW      9 mW    259 mW      2 mW      2 mW      0 mW
