==============================================================================
Experiment 016: matmul shape-discrimination (naive fp32)
==============================================================================
device: Apple M4 Max  arch: applegpu_g16s
OS:     macOS-26.4.1-arm64-arm-64bit-Mach-O
power:  Now drawing from 'AC Power'
qos:    pthread_set_qos_class_self_np -> 0

plan: 34 shapes, 247 cells

buffer sizes: A=16.0MiB  B=128.0MiB  C=16.0MiB
initializing A (4,194,304 floats) and B (33,554,432 floats) with seed 16092604...
  initialized in 0.2s

sanity check: M=N=K=128, N_AMP=1...
  max abs error vs numpy: 0.0000e+00

compiling 247 pipelines...
  done in 0.0s (0.0ms avg)
sample-buffer slots: 4000 (32000 B; resolves every 2000 trials; shared across all cells)
ioreport.py: pid=44998

=== phase 0: baseline 2.0s ===

=== phase 1: 247 cells ===
  cell   0: square         8x   8x8     N=   1  trials= 5000 (CAP)  p50=      7250 p90=      7583  (0.57s)
  cell   1: square         8x   8x8     N=   2  trials= 5000 (CAP)  p50=      7250 p90=      8125  (0.62s)
  cell   2: square         8x   8x8     N=   4  trials= 5000 (CAP)  p50=      8209 p90=      8542  (0.58s)
  cell   3: square         8x   8x8     N=   8  trials= 5000 (CAP)  p50=      9375 p90=      9750  (0.59s)
  cell   4: square         8x   8x8     N=  16  trials= 5000 (CAP)  p50=     11708 p90=     12625  (0.61s)
  cell   5: square         8x   8x8     N=  64  trials= 5000 (CAP)  p50=     26083 p90=     26417  (0.63s)
  cell   6: square         8x   8x8     N= 256  trials= 5000 (CAP)  p50=     45917 p90=     83792  (0.88s)
  cell   7: square         8x   8x8     N=1024  trials= 5000 (CAP)  p50=     80958 p90=    313250  (1.39s)
  cell   8: square        12x  12x12    N=   1  trials= 5000 (CAP)  p50=      8375 p90=      9084  (0.61s)
  cell   9: square        12x  12x12    N=   2  trials= 5000 (CAP)  p50=      4791 p90=      8292  (0.57s)
  cell  10: square        12x  12x12    N=   4  trials= 5000 (CAP)  p50=      9167 p90=      9542  (0.59s)
  cell  11: square        12x  12x12    N=   8  trials= 5000 (CAP)  p50=     10750 p90=     11250  (0.60s)
  cell  12: square        12x  12x12    N=  16  trials= 5000 (CAP)  p50=     14166 p90=     14500  (0.60s)
  cell  13: square        12x  12x12    N=  64  trials= 5000 (CAP)  p50=     33459 p90=     34125  (0.69s)
  cell  14: square        12x  12x12    N= 256  trials= 5000 (CAP)  p50=     36833 p90=    114917  (0.88s)
  cell  15: square        12x  12x12    N=1024  trials= 5000 (CAP)  p50=    103791 p90=    424417  (1.66s)
  cell  16: square        16x  16x16    N=   1  trials= 5000 (CAP)  p50=      8333 p90=      8750  (0.59s)
  cell  17: square        16x  16x16    N=   2  trials= 5000 (CAP)  p50=      9708 p90=     10042  (0.60s)
  cell  18: square        16x  16x16    N=   4  trials= 5000 (CAP)  p50=      5208 p90=     11625  (0.60s)
  cell  19: square        16x  16x16    N=   8  trials= 5000 (CAP)  p50=     12833 p90=     14625  (0.60s)
  cell  20: square        16x  16x16    N=  16  trials= 5000 (CAP)  p50=      9000 p90=     20708  (0.60s)
  cell  21: square        16x  16x16    N=  64  trials= 5000 (CAP)  p50=     31042 p90=     57292  (0.71s)
  cell  22: square        16x  16x16    N= 256  trials= 5000 (CAP)  p50=     57875 p90=    202292  (1.08s)
  cell  23: square        16x  16x16    N=1024  trials= 5000 (CAP)  p50=    192042 p90=    433833  (2.18s)
  cell  24: square        24x  24x24    N=   1  trials= 5000 (CAP)  p50=      9625 p90=      9958  (0.57s)
  cell  25: square        24x  24x24    N=   2  trials= 5000 (CAP)  p50=     10917 p90=     11333  (0.60s)
  cell  26: square        24x  24x24    N=   4  trials= 5000 (CAP)  p50=      4667 p90=     13625  (0.57s)
  cell  27: square        24x  24x24    N=   8  trials= 5000 (CAP)  p50=     17583 p90=     18042  (0.61s)
  cell  28: square        24x  24x24    N=  16  trials= 5000 (CAP)  p50=     10291 p90=     27042  (0.61s)
  cell  29: square        24x  24x24    N=  64  trials= 5000 (CAP)  p50=     21292 p90=     81167  (0.76s)
  cell  30: square        24x  24x24    N= 256  trials= 5000 (CAP)  p50=     79000 p90=    306667  (1.23s)
  cell  31: square        24x  24x24    N=1024  trials= 5000 (CAP)  p50=    295875 p90=    519792  (2.63s)
  cell  32: square        32x  32x32    N=   1  trials= 5000 (CAP)  p50=     10958 p90=     11292  (0.59s)
  cell  33: square        32x  32x32    N=   2  trials= 5000 (CAP)  p50=      5125 p90=     13000  (0.57s)
  cell  34: square        32x  32x32    N=   4  trials= 5000 (CAP)  p50=     16542 p90=     16875  (0.60s)
  cell  35: square        32x  32x32    N=   8  trials= 5000 (CAP)  p50=     22541 p90=     23084  (0.63s)
  cell  36: square        32x  32x32    N=  16  trials= 5000 (CAP)  p50=     15666 p90=     36292  (0.64s)
  cell  37: square        32x  32x32    N=  64  trials= 5000 (CAP)  p50=     37042 p90=    115292  (0.85s)
  cell  38: square        32x  32x32    N= 256  trials= 5000 (CAP)  p50=    106375 p90=    432958  (1.56s)
  cell  39: square        32x  32x32    N=1024  trials= 5000 (CAP)  p50=    486708 p90=    562458  (3.19s)
  cell  40: square        48x  48x48    N=   1  trials= 5000 (CAP)  p50=     12041 p90=     12375  (0.58s)
  cell  41: square        48x  48x48    N=   2  trials= 5000 (CAP)  p50=     15541 p90=     16375  (0.64s)
  cell  42: square        48x  48x48    N=   4  trials= 5000 (CAP)  p50=     10041 p90=     22458  (0.62s)
  cell  43: square        48x  48x48    N=   8  trials= 5000 (CAP)  p50=     34042 p90=     35542  (0.66s)
  cell  44: square        48x  48x48    N=  16  trials= 5000 (CAP)  p50=     34083 p90=     61625  (0.78s)
  cell  45: square        48x  48x48    N=  64  trials= 5000 (CAP)  p50=     69542 p90=    216375  (1.16s)
  cell  46: square        48x  48x48    N= 256  trials= 5000 (CAP)  p50=    221542 p90=    470584  (2.13s)
  cell  47: square        48x  48x48    N=1024  trials= 5000 (CAP)  p50=    730667 p90=    732500  (4.52s)
  cell  48: square        64x  64x64    N=   1  trials= 5000 (CAP)  p50=     14667 p90=     15042  (0.61s)
  cell  49: square        64x  64x64    N=   2  trials= 5000 (CAP)  p50=     18125 p90=     18750  (0.67s)
  cell  50: square        64x  64x64    N=   4  trials= 5000 (CAP)  p50=     13875 p90=     25167  (0.64s)
  cell  51: square        64x  64x64    N=   8  trials= 5000 (CAP)  p50=     21208 p90=     38209  (0.67s)
  cell  52: square        64x  64x64    N=  16  trials= 5000 (CAP)  p50=     27750 p90=     64333  (0.79s)
  cell  53: square        64x  64x64    N=  64  trials= 5000 (CAP)  p50=     63667 p90=    220584  (1.18s)
  cell  54: square        64x  64x64    N= 256  trials= 5000 (CAP)  p50=    208917 p90=    465083  (2.23s)
  cell  55: square        64x  64x64    N=1024  trials= 5000 (CAP)  p50=    720000 p90=    720833  (4.41s)
  cell  56: square        96x  96x96    N=   1  trials= 5000 (CAP)  p50=     15834 p90=     16333  (0.64s)
  cell  57: square        96x  96x96    N=   2  trials= 5000 (CAP)  p50=     10500 p90=     23333  (0.64s)
  cell  58: square        96x  96x96    N=   4  trials= 5000 (CAP)  p50=     15417 p90=     35666  (0.65s)
  cell  59: square        96x  96x96    N=   8  trials= 5000 (CAP)  p50=     33125 p90=     61208  (0.75s)
  cell  60: square        96x  96x96    N=  16  trials= 5000 (CAP)  p50=     29167 p90=    111708  (0.88s)
  cell  61: square        96x  96x96    N=  64  trials= 5000 (CAP)  p50=    100750 p90=    411875  (1.56s)
  cell  62: square        96x  96x96    N= 256  trials= 5000 (CAP)  p50=    373000 p90=    518167  (2.63s)
  cell  63: square        96x  96x96    N=1024  trials= 3268  p50=   1365125 p90=   1371000  (5.00s)
  cell  64: square       128x 128x128   N=   1  trials= 5000 (CAP)  p50=     23083 p90=     23459  (0.63s)
  cell  65: square       128x 128x128   N=   2  trials= 5000 (CAP)  p50=     32375 p90=     33000  (0.68s)
  cell  66: square       128x 128x128   N=   4  trials= 5000 (CAP)  p50=     29250 p90=     52417  (0.76s)
  cell  67: square       128x 128x128   N=   8  trials= 5000 (CAP)  p50=     39084 p90=     90375  (0.84s)
  cell  68: square       128x 128x128   N=  16  trials= 5000 (CAP)  p50=     48500 p90=    167875  (1.09s)
  cell  69: square       128x 128x128   N=  64  trials= 5000 (CAP)  p50=    152833 p90=    617375  (2.04s)
  cell  70: square       128x 128x128   N= 256  trials= 5000 (CAP)  p50=    534166 p90=    597708  (3.63s)
  cell  71: square       128x 128x128   N=1024  trials= 2322  p50=   1967459 p90=   1999750  (5.00s)
  cell  72: square       192x 192x192   N=   1  trials= 5000 (CAP)  p50=     41833 p90=     42625  (0.73s)
  cell  73: square       192x 192x192   N=   2  trials= 5000 (CAP)  p50=     32583 p90=     75500  (0.83s)
  cell  74: square       192x 192x192   N=   4  trials= 5000 (CAP)  p50=     39458 p90=    137375  (0.95s)
  cell  75: square       192x 192x192   N=   8  trials= 5000 (CAP)  p50=     76125 p90=    264833  (1.30s)
  cell  76: square       192x 192x192   N=  16  trials= 5000 (CAP)  p50=    120208 p90=    518500  (1.86s)
  cell  77: square       192x 192x192   N=  64  trials= 5000 (CAP)  p50=    500166 p90=    584125  (3.39s)
  cell  78: square       192x 192x192   N= 256  trials= 2622  p50=   1723041 p90=   1759500  (5.00s)
  cell  79: square       192x 192x192   N=1024  trials=  704  p50=   6916583 p90=   6954250  (5.00s)
  cell  80: square       256x 256x256   N=   1  trials= 5000 (CAP)  p50=     34292 p90=     84875  (0.87s)
  cell  81: square       256x 256x256   N=   2  trials= 5000 (CAP)  p50=     49250 p90=    152541  (1.02s)
  cell  82: square       256x 256x256   N=   4  trials= 5000 (CAP)  p50=     75667 p90=    299041  (1.41s)
  cell  83: square       256x 256x256   N=   8  trials= 5000 (CAP)  p50=    149584 p90=    577417  (1.93s)
  cell  84: square       256x 256x256   N=  16  trials= 5000 (CAP)  p50=    294666 p90=    508208  (2.57s)
  cell  85: square       256x 256x256   N=  64  trials= 4399  p50=    970209 p90=    973583  (5.00s)
  cell  86: square       256x 256x256   N= 256  trials= 1221  p50=   3885583 p90=   3956917  (5.00s)
  cell  87: square       256x 256x256   N=1024  trials=  309  p50=  16082500 p90=  16437792  (5.01s)
  cell  88: square       384x 384x384   N=   1  trials= 5000 (CAP)  p50=     62584 p90=    238792  (1.24s)
  cell  89: square       384x 384x384   N=   2  trials= 5000 (CAP)  p50=    119917 p90=    466500  (1.81s)
  cell  90: square       384x 384x384   N=   4  trials= 5000 (CAP)  p50=    230792 p90=    486333  (2.33s)
  cell  91: square       384x 384x384   N=   8  trials= 5000 (CAP)  p50=    380750 p90=    563500  (3.04s)
  cell  92: square       384x 384x384   N=  16  trials= 5000 (CAP)  p50=    751833 p90=    901333  (4.80s)
  cell  93: square       384x 384x384   N=  64  trials= 1461  p50=   3210916 p90=   3479000  (5.00s)
  cell  94: square       384x 384x384   N= 256  trials=  338  p50=  14989208 p90=  15303375  (5.01s)
  cell  95: square       512x 512x512   N=   1  trials= 5000 (CAP)  p50=    144667 p90=    556041  (1.98s)
  cell  96: square       512x 512x512   N=   2  trials= 5000 (CAP)  p50=    315042 p90=    592583  (2.58s)
  cell  97: square       512x 512x512   N=   4  trials= 5000 (CAP)  p50=    551125 p90=    567666  (3.62s)
  cell  98: square       512x 512x512   N=   8  trials= 4304  p50=   1000917 p90=   1060959  (5.00s)
  cell  99: square       512x 512x512   N=  16  trials= 2143  p50=   2195500 p90=   2246167  (5.00s)
  cell 100: square       512x 512x512   N=  64  trials=  548  p50=   8984167 p90=   9183750  (5.00s)
  cell 101: square       512x 512x512   N= 256  trials=  136  p50=  36948791 p90=  37987292  (5.01s)
  cell 102: square       768x 768x768   N=   1  trials= 5000 (CAP)  p50=    497625 p90=    571583  (3.21s)
  cell 103: square       768x 768x768   N=   2  trials= 4809  p50=    900792 p90=    903333  (5.00s)
  cell 104: square       768x 768x768   N=   4  trials= 2556  p50=   1801458 p90=   1843500  (5.00s)
  cell 105: square       768x 768x768   N=   8  trials= 1324  p50=   3630500 p90=   3718791  (5.00s)
  cell 106: square       768x 768x768   N=  16  trials=  673  p50=   7278917 p90=   7476125  (5.01s)
  cell 107: square       768x 768x768   N=  64  trials=  172  p50=  29055208 p90=  29942333  (5.02s)
  cell 108: square      1024x1024x1024  N=   1  trials= 4027  p50=   1085417 p90=   1092209  (5.00s)
  cell 109: square      1024x1024x1024  N=   2  trials= 2065  p50=   2237541 p90=   2450583  (5.00s)
  cell 110: square      1024x1024x1024  N=   4  trials= 1021  p50=   4676208 p90=   5127834  (5.00s)
  cell 111: square      1024x1024x1024  N=   8  trials=  504  p50=   9876500 p90=  10669458  (5.01s)
  cell 112: square      1024x1024x1024  N=  16  trials=  249  p50=  20291375 p90=  21995042  (5.01s)
  cell 113: square      1536x1536x1536  N=   1  trials= 1147  p50=   4290459 p90=   4661459  (5.00s)
  cell 114: square      1536x1536x1536  N=   2  trials=  548  p50=   9412541 p90=   9928958  (5.00s)
  cell 115: square      1536x1536x1536  N=   4  trials=  277  p50=  19265166 p90=  19670708  (5.00s)
  cell 116: square      1536x1536x1536  N=   8  trials=  136  p50=  39151000 p90=  40457250  (5.04s)
  cell 117: square      2048x2048x2048  N=   1  trials=  404  p50=  13150333 p90=  13820083  (5.01s)
  cell 118: square      2048x2048x2048  N=   2  trials=  198  p50=  27342959 p90=  28331167  (5.02s)
  cell 119: square      2048x2048x2048  N=   4  trials=   93  p50=  57041209 p90=  64592791  (5.00s)
  cell 120: square      2048x2048x2048  N=   8  trials=   47  p50= 117103709 p90= 125772833  (5.06s)
  cell 121: ksweep_128   128x 128x2     N=   1  trials= 5000 (CAP)  p50=      7625 p90=      7834  (0.56s)
  cell 122: ksweep_128   128x 128x2     N=   2  trials= 5000 (CAP)  p50=      7667 p90=      7875  (0.59s)
  cell 123: ksweep_128   128x 128x2     N=   4  trials= 5000 (CAP)  p50=      7750 p90=      7959  (0.57s)
  cell 124: ksweep_128   128x 128x2     N=   8  trials= 5000 (CAP)  p50=      7958 p90=      8333  (0.59s)
  cell 125: ksweep_128   128x 128x2     N=  16  trials= 5000 (CAP)  p50=      8417 p90=      8666  (0.58s)
  cell 126: ksweep_128   128x 128x2     N=  64  trials= 5000 (CAP)  p50=     11542 p90=     11750  (0.62s)
  cell 127: ksweep_128   128x 128x2     N= 256  trials= 5000 (CAP)  p50=      7916 p90=     23709  (0.61s)
  cell 128: ksweep_128   128x 128x2     N=1024  trials= 5000 (CAP)  p50=     23375 p90=     71792  (0.79s)
  cell 129: ksweep_128   128x 128x4     N=   1  trials= 5000 (CAP)  p50=      4041 p90=      7834  (0.56s)
  cell 130: ksweep_128   128x 128x4     N=   2  trials= 5000 (CAP)  p50=      7709 p90=      7958  (0.59s)
  cell 131: ksweep_128   128x 128x4     N=   4  trials= 5000 (CAP)  p50=      8041 p90=      8250  (0.57s)
  cell 132: ksweep_128   128x 128x4     N=   8  trials= 5000 (CAP)  p50=      9209 p90=      9458  (0.61s)
  cell 133: ksweep_128   128x 128x4     N=  16  trials= 5000 (CAP)  p50=      9833 p90=     10084  (0.61s)
  cell 134: ksweep_128   128x 128x4     N=  64  trials= 5000 (CAP)  p50=      9542 p90=     16750  (0.61s)
  cell 135: ksweep_128   128x 128x4     N= 256  trials= 5000 (CAP)  p50=     44209 p90=     44542  (0.74s)
  cell 136: ksweep_128   128x 128x4     N=1024  trials= 5000 (CAP)  p50=     49209 p90=    153208  (1.05s)
  cell 137: ksweep_128   128x 128x16    N=   1  trials= 5000 (CAP)  p50=      5417 p90=      9459  (0.58s)
  cell 138: ksweep_128   128x 128x16    N=   2  trials= 5000 (CAP)  p50=     10416 p90=     10709  (0.58s)
  cell 139: ksweep_128   128x 128x16    N=   4  trials= 5000 (CAP)  p50=      7583 p90=     13500  (0.59s)
  cell 140: ksweep_128   128x 128x16    N=   8  trials= 5000 (CAP)  p50=     17250 p90=     17625  (0.59s)
  cell 141: ksweep_128   128x 128x16    N=  16  trials= 5000 (CAP)  p50=     26541 p90=     26875  (0.65s)
  cell 142: ksweep_128   128x 128x16    N=  64  trials= 5000 (CAP)  p50=     21042 p90=     80625  (0.74s)
  cell 143: ksweep_128   128x 128x16    N= 256  trials= 5000 (CAP)  p50=     73125 p90=    294417  (1.24s)
  cell 144: ksweep_128   128x 128x16    N=1024  trials= 5000 (CAP)  p50=    285375 p90=    486667  (2.46s)
  cell 145: ksweep_128   128x 128x64    N=   1  trials= 5000 (CAP)  p50=     15125 p90=     15459  (0.60s)
  cell 146: ksweep_128   128x 128x64    N=   2  trials= 5000 (CAP)  p50=     19750 p90=     20042  (0.64s)
  cell 147: ksweep_128   128x 128x64    N=   4  trials= 5000 (CAP)  p50=     16209 p90=     29125  (0.63s)
  cell 148: ksweep_128   128x 128x64    N=   8  trials= 5000 (CAP)  p50=     19917 p90=     46958  (0.68s)
  cell 149: ksweep_128   128x 128x64    N=  16  trials= 5000 (CAP)  p50=     34875 p90=     82458  (0.82s)
  cell 150: ksweep_128   128x 128x64    N=  64  trials= 5000 (CAP)  p50=     72875 p90=    293125  (1.23s)
  cell 151: ksweep_128   128x 128x64    N= 256  trials= 5000 (CAP)  p50=    286458 p90=    492458  (2.50s)
  cell 152: ksweep_128   128x 128x64    N=1024  trials= 3626  p50=   1236167 p90=   1301792  (5.00s)
  cell 153: ksweep_128   128x 128x256   N=   1  trials= 5000 (CAP)  p50=     38042 p90=     38750  (0.68s)
  cell 154: ksweep_128   128x 128x256   N=   2  trials= 5000 (CAP)  p50=     31708 p90=     56291  (0.74s)
  cell 155: ksweep_128   128x 128x256   N=   4  trials= 5000 (CAP)  p50=     34916 p90=     92542  (0.84s)
  cell 156: ksweep_128   128x 128x256   N=   8  trials= 5000 (CAP)  p50=     41375 p90=    162959  (0.96s)
  cell 157: ksweep_128   128x 128x256   N=  16  trials= 5000 (CAP)  p50=     75833 p90=    303583  (1.28s)
  cell 158: ksweep_128   128x 128x256   N=  64  trials= 5000 (CAP)  p50=    301333 p90=    488292  (2.50s)
  cell 159: ksweep_128   128x 128x256   N= 256  trials= 4362  p50=    973375 p90=    977625  (5.00s)
  cell 160: ksweep_128   128x 128x256   N=1024  trials= 1267  p50=   3751666 p90=   3805334  (5.00s)
  cell 161: ksweep_128   128x 128x1024  N=   1  trials= 5000 (CAP)  p50=     36791 p90=    132042  (0.90s)
  cell 162: ksweep_128   128x 128x1024  N=   2  trials= 5000 (CAP)  p50=     61000 p90=    232708  (1.14s)
  cell 163: ksweep_128   128x 128x1024  N=   4  trials= 5000 (CAP)  p50=    105792 p90=    436333  (1.61s)
  cell 164: ksweep_128   128x 128x1024  N=   8  trials= 5000 (CAP)  p50=    198750 p90=    464084  (2.11s)
  cell 165: ksweep_128   128x 128x1024  N=  16  trials= 5000 (CAP)  p50=    460125 p90=    556750  (3.04s)
  cell 166: ksweep_128   128x 128x1024  N=  64  trials= 2903  p50=   1578584 p90=   1626166  (5.00s)
  cell 167: ksweep_128   128x 128x1024  N= 256  trials=  796  p50=   6219959 p90=   6357375  (5.00s)
  cell 168: ksweep_128   128x 128x1024  N=1024  trials=  204  p50=  24689916 p90=  25714667  (5.01s)
  cell 169: ksweep_128   128x 128x4096  N=   1  trials= 5000 (CAP)  p50=    137125 p90=    497000  (1.90s)
  cell 170: ksweep_128   128x 128x4096  N=   2  trials= 5000 (CAP)  p50=    247542 p90=    517958  (2.42s)
  cell 171: ksweep_128   128x 128x4096  N=   4  trials= 5000 (CAP)  p50=    467333 p90=    573042  (3.19s)
  cell 172: ksweep_128   128x 128x4096  N=   8  trials= 5000 (CAP)  p50=    786375 p90=    789166  (4.73s)
  cell 173: ksweep_128   128x 128x4096  N=  16  trials= 2934  p50=   1537667 p90=   1546292  (5.00s)
  cell 174: ksweep_128   128x 128x4096  N=  64  trials=  799  p50=   6057792 p90=   6094417  (5.00s)
  cell 175: ksweep_128   128x 128x4096  N= 256  trials=  208  p50=  23989375 p90=  24061875  (5.02s)
  cell 176: ksweep_512   512x 512x2     N=   1  trials= 5000 (CAP)  p50=      8042 p90=     14292  (0.64s)
  cell 177: ksweep_512   512x 512x2     N=   2  trials= 5000 (CAP)  p50=     14041 p90=     14375  (0.64s)
  cell 178: ksweep_512   512x 512x2     N=   4  trials= 5000 (CAP)  p50=     14000 p90=     14583  (0.67s)
  cell 179: ksweep_512   512x 512x2     N=   8  trials= 5000 (CAP)  p50=      6834 p90=     17333  (0.65s)
  cell 180: ksweep_512   512x 512x2     N=  16  trials= 5000 (CAP)  p50=     21625 p90=     22125  (0.66s)
  cell 181: ksweep_512   512x 512x2     N=  64  trials= 5000 (CAP)  p50=     50917 p90=     51375  (0.78s)
  cell 182: ksweep_512   512x 512x2     N= 256  trials= 5000 (CAP)  p50=     51375 p90=    177834  (1.09s)
  cell 183: ksweep_512   512x 512x2     N=1024  trials= 5000 (CAP)  p50=    174000 p90=    528000  (2.07s)
  cell 184: ksweep_512   512x 512x4     N=   1  trials= 5000 (CAP)  p50=     15000 p90=     15791  (0.67s)
  cell 185: ksweep_512   512x 512x4     N=   2  trials= 5000 (CAP)  p50=      8458 p90=     15084  (0.62s)
  cell 186: ksweep_512   512x 512x4     N=   4  trials= 5000 (CAP)  p50=     19250 p90=     19625  (0.64s)
  cell 187: ksweep_512   512x 512x4     N=   8  trials= 5000 (CAP)  p50=     25916 p90=     26333  (0.68s)
  cell 188: ksweep_512   512x 512x4     N=  16  trials= 5000 (CAP)  p50=     11792 p90=     40459  (0.69s)
  cell 189: ksweep_512   512x 512x4     N=  64  trials= 5000 (CAP)  p50=     35791 p90=    124792  (0.89s)
  cell 190: ksweep_512   512x 512x4     N= 256  trials= 5000 (CAP)  p50=    119750 p90=    463542  (1.87s)
  cell 191: ksweep_512   512x 512x4     N=1024  trials= 5000 (CAP)  p50=    477708 p90=    592875  (3.28s)
  cell 192: ksweep_512   512x 512x16    N=   1  trials= 5000 (CAP)  p50=     28042 p90=     28500  (0.67s)
  cell 193: ksweep_512   512x 512x16    N=   2  trials= 5000 (CAP)  p50=     43959 p90=     44500  (0.75s)
  cell 194: ksweep_512   512x 512x16    N=   4  trials= 5000 (CAP)  p50=     41833 p90=     76375  (0.87s)
  cell 195: ksweep_512   512x 512x16    N=   8  trials= 5000 (CAP)  p50=     45500 p90=    140458  (1.00s)
  cell 196: ksweep_512   512x 512x16    N=  16  trials= 5000 (CAP)  p50=     77209 p90=    268416  (1.39s)
  cell 197: ksweep_512   512x 512x16    N=  64  trials= 5000 (CAP)  p50=    267334 p90=    566375  (2.53s)
  cell 198: ksweep_512   512x 512x16    N= 256  trials= 4535  p50=    931209 p90=   1034209  (5.00s)
  cell 199: ksweep_512   512x 512x16    N=1024  trials= 1361  p50=   3500833 p90=   3543083  (5.00s)
  cell 200: ksweep_512   512x 512x64    N=   1  trials= 5000 (CAP)  p50=     29792 p90=     79458  (0.84s)
  cell 201: ksweep_512   512x 512x64    N=   2  trials= 5000 (CAP)  p50=     45708 p90=    143083  (1.05s)
  cell 202: ksweep_512   512x 512x64    N=   4  trials= 5000 (CAP)  p50=     69000 p90=    264291  (1.20s)
  cell 203: ksweep_512   512x 512x64    N=   8  trials= 5000 (CAP)  p50=    133125 p90=    514458  (1.87s)
  cell 204: ksweep_512   512x 512x64    N=  16  trials= 5000 (CAP)  p50=    291541 p90=    557000  (2.45s)
  cell 205: ksweep_512   512x 512x64    N=  64  trials= 4829  p50=    861875 p90=    869791  (5.00s)
  cell 206: ksweep_512   512x 512x64    N= 256  trials= 1367  p50=   3456708 p90=   3579041  (5.00s)
  cell 207: ksweep_512   512x 512x64    N=1024  trials=  346  p50=  14160375 p90=  15129959  (5.00s)
  cell 208: ksweep_512   512x 512x256   N=   1  trials= 5000 (CAP)  p50=     73542 p90=    286083  (1.24s)
  cell 209: ksweep_512   512x 512x256   N=   2  trials= 5000 (CAP)  p50=    139167 p90=    547041  (1.87s)
  cell 210: ksweep_512   512x 512x256   N=   4  trials= 5000 (CAP)  p50=    298625 p90=    568542  (2.49s)
  cell 211: ksweep_512   512x 512x256   N=   8  trials= 5000 (CAP)  p50=    520625 p90=    591334  (3.48s)
  cell 212: ksweep_512   512x 512x256   N=  16  trials= 4687  p50=    881958 p90=    944458  (5.00s)
  cell 213: ksweep_512   512x 512x256   N=  64  trials= 1332  p50=   3552083 p90=   3678958  (5.00s)
  cell 214: ksweep_512   512x 512x256   N= 256  trials=  328  p50=  15051792 p90=  15598083  (5.00s)
  cell 215: ksweep_512   512x 512x1024  N=   1  trials= 5000 (CAP)  p50=    290334 p90=    597084  (2.61s)
  cell 216: ksweep_512   512x 512x1024  N=   2  trials= 5000 (CAP)  p50=    570875 p90=    578875  (3.75s)
  cell 217: ksweep_512   512x 512x1024  N=   4  trials= 4382  p50=    952125 p90=   1016125  (5.00s)
  cell 218: ksweep_512   512x 512x1024  N=   8  trials= 2272  p50=   2032000 p90=   2106625  (5.00s)
  cell 219: ksweep_512   512x 512x1024  N=  16  trials= 1114  p50=   4346833 p90=   4532583  (5.00s)
  cell 220: ksweep_512   512x 512x1024  N=  64  trials=  279  p50=  17870041 p90=  18666458  (5.00s)
  cell 221: ksweep_512   512x 512x4096  N=   1  trials= 4038  p50=   1034125 p90=   1151792  (5.00s)
  cell 222: ksweep_512   512x 512x4096  N=   2  trials= 2083  p50=   2233208 p90=   2306708  (5.00s)
  cell 223: ksweep_512   512x 512x4096  N=   4  trials= 1042  p50=   4636625 p90=   4852584  (5.00s)
  cell 224: ksweep_512   512x 512x4096  N=   8  trials=  523  p50=   9443959 p90=   9797125  (5.00s)
  cell 225: ksweep_512   512x 512x4096  N=  16  trials=  261  p50=  19104541 p90=  19716583  (5.00s)
  cell 226: membound       8x4096x4096  N=   1  trials= 5000 (CAP)  p50=    342417 p90=    537541  (2.79s)
  cell 227: membound       8x4096x4096  N=   2  trials= 5000 (CAP)  p50=    613750 p90=    624666  (3.97s)
  cell 228: membound       8x4096x4096  N=   4  trials= 3555  p50=   1230750 p90=   1243167  (5.00s)
  cell 229: membound       8x4096x4096  N=   8  trials= 1871  p50=   2491250 p90=   2515917  (5.00s)
  cell 230: membound       8x4096x4096  N=  16  trials=  962  p50=   5016583 p90=   5058041  (5.00s)
  cell 231: membound       8x4096x4096  N=  64  trials=  247  p50=  20098042 p90=  20279292  (5.02s)
  cell 232: membound       8x4096x4096  N= 256  trials=   54  p50=  85606292 p90= 118306542  (5.08s)
  cell 233: membound       4x8192x4096  N=   1  trials= 5000 (CAP)  p50=    437792 p90=    557875  (3.21s)
  cell 234: membound       4x8192x4096  N=   2  trials= 3918  p50=    898417 p90=   1679167  (5.00s)
  cell 235: membound       4x8192x4096  N=   4  trials= 1942  p50=   2178500 p90=   3373792  (5.00s)
  cell 236: membound       4x8192x4096  N=   8  trials=  938  p50=   4642292 p90=   8139500  (5.01s)
  cell 237: membound       4x8192x4096  N=  16  trials=  452  p50=  10002000 p90=  15894250  (5.00s)
  cell 238: membound       4x8192x4096  N=  64  trials=  110  p50=  42996167 p90=  65842500  (5.03s)
  cell 239: membound       4x8192x4096  N= 256  trials=   27  p50= 182512958 p90= 223489542  (5.16s)
  cell 240: membound       2x8192x4096  N=   1  trials= 5000 (CAP)  p50=    362417 p90=    582459  (2.84s)
  cell 241: membound       2x8192x4096  N=   2  trials= 3831  p50=    836542 p90=   1287916  (5.00s)
  cell 242: membound       2x8192x4096  N=   4  trials= 2022  p50=   1718958 p90=   2651541  (5.00s)
  cell 243: membound       2x8192x4096  N=   8  trials= 1034  p50=   3876375 p90=   7134666  (5.00s)
  cell 244: membound       2x8192x4096  N=  16  trials=  526  p50=   8329292 p90=  13282166  (5.01s)
  cell 245: membound       2x8192x4096  N=  64  trials=  130  p50=  32950958 p90=  57144375  (5.00s)
  cell 246: membound       2x8192x4096  N= 256  trials=   34  p50= 134045750 p90= 221009666  (5.13s)

=== phase 2: tail 2.0s ===

stopping ioreport.py (SIGINT)
ioreport.py rc=0
wrote 20260429T213959-meta.txt

Now run: uv run experiments/016-matmul-discrimination/analysis.py --prefix 20260429T213959
