# IOReport telemetry  interval=250ms  csv=/Users/vanreece/dev/metal_ml_lab/experiments/012-gpuph-vs-powermetrics-mhz/raw/20260428T221203-ioreport.csv  states_csv=/Users/vanreece/dev/metal_ml_lab/experiments/012-gpuph-vs-powermetrics-mhz/raw/20260428T221203-ioreport-states.csv
# Ctrl-C to stop
# time        gpu mW    cpu mW    ane mW   dram mW   amcc mW    dcs mW    afr mW   disp mW    isp mW    ave mW  gpu_sram mW
  22:12:04    136 mW   1314 mW      0 mW    546 mW    666 mW    700 mW      8 mW    317 mW      0 mW      3 mW      0 mW
  22:12:04    112 mW   2264 mW      0 mW    600 mW    761 mW    937 mW      9 mW    317 mW      2 mW      2 mW      0 mW
  22:12:05     89 mW   2170 mW      0 mW    608 mW    872 mW    948 mW      7 mW    331 mW      2 mW      2 mW      0 mW
  22:12:05    129 mW   2346 mW      0 mW    623 mW    835 mW   1026 mW      9 mW    331 mW      2 mW      2 mW      0 mW
  22:12:06    105 mW   2183 mW      0 mW    562 mW    798 mW    942 mW      7 mW    326 mW      2 mW      2 mW      0 mW
  22:12:06    134 mW   2414 mW      0 mW    577 mW    777 mW    933 mW     12 mW    328 mW      2 mW      2 mW      0 mW
  22:12:07    103 mW   3739 mW      0 mW    746 mW   1131 mW   1417 mW      7 mW    321 mW      2 mW      0 mW      0 mW
  22:12:07    146 mW   5524 mW      0 mW    883 mW   1488 mW   1719 mW     11 mW    322 mW      2 mW      2 mW      0 mW
  22:12:07    123 mW   2200 mW      0 mW    588 mW    847 mW    929 mW      9 mW    341 mW      0 mW      2 mW      0 mW
  22:12:08    108 mW   2167 mW      0 mW    526 mW    767 mW    869 mW      7 mW    333 mW      2 mW      2 mW      0 mW
  22:12:08    125 mW   2270 mW      0 mW    604 mW    891 mW   1036 mW      9 mW    320 mW      2 mW      2 mW      0 mW
  22:12:09    129 mW   2242 mW      0 mW    615 mW    829 mW   1043 mW     12 mW    326 mW      2 mW      2 mW      0 mW
  22:12:09    130 mW   2294 mW      0 mW    539 mW    796 mW    786 mW      9 mW    328 mW      2 mW      2 mW      0 mW
  22:12:10    103 mW   2159 mW      0 mW    550 mW    761 mW    952 mW      7 mW    324 mW      2 mW      0 mW      0 mW
  22:12:10    138 mW   2105 mW      0 mW    577 mW    793 mW    993 mW      9 mW    329 mW      2 mW      2 mW      0 mW
  22:12:10    119 mW   2236 mW      0 mW    551 mW    801 mW    907 mW      9 mW    331 mW      0 mW      2 mW      0 mW
  22:12:11    117 mW   2232 mW      0 mW    522 mW    757 mW    815 mW     10 mW    333 mW      2 mW      2 mW      0 mW
  22:12:11    129 mW   2498 mW      0 mW    580 mW    868 mW   1035 mW      9 mW    318 mW      2 mW      2 mW      0 mW
  22:12:12     90 mW   1918 mW      0 mW    483 mW    787 mW    789 mW      7 mW    334 mW      2 mW      2 mW      0 mW
  22:12:12    134 mW   2135 mW      0 mW    565 mW    834 mW    992 mW     11 mW    311 mW      2 mW      2 mW      0 mW
  22:12:13    108 mW   1957 mW      0 mW    529 mW    767 mW    828 mW      7 mW    338 mW      2 mW      0 mW      0 mW
  22:12:13    137 mW   2140 mW      0 mW    586 mW    769 mW    987 mW     12 mW    331 mW      2 mW      2 mW      0 mW
  22:12:14    116 mW   2143 mW      0 mW    507 mW    780 mW    875 mW      7 mW    326 mW      0 mW      2 mW      0 mW
  22:12:14    103 mW   2124 mW      0 mW    589 mW    800 mW    971 mW      9 mW    333 mW      2 mW      2 mW      0 mW
  22:12:14    115 mW   2144 mW      0 mW    508 mW    790 mW    846 mW      7 mW    320 mW      2 mW      2 mW      0 mW
  22:12:15    116 mW   1912 mW      0 mW    499 mW    751 mW    852 mW      9 mW    320 mW      2 mW      2 mW      0 mW
  22:12:15    116 mW   2177 mW      0 mW    554 mW    788 mW    867 mW      9 mW    326 mW      2 mW      2 mW      0 mW
  22:12:16    107 mW   2036 mW      0 mW    547 mW    796 mW    973 mW      9 mW    340 mW      2 mW      2 mW      0 mW
  22:12:16    124 mW   2063 mW      0 mW    539 mW    762 mW    914 mW      9 mW    317 mW      2 mW      0 mW      0 mW
  22:12:17    119 mW   2129 mW      0 mW    515 mW    736 mW    750 mW      9 mW    340 mW      2 mW      2 mW      0 mW
  22:12:17    123 mW   2509 mW      0 mW    673 mW    879 mW   1165 mW      7 mW    331 mW      0 mW      2 mW      0 mW
  22:12:17    120 mW   2125 mW      0 mW    520 mW    750 mW    885 mW     11 mW    317 mW      2 mW      2 mW      0 mW
  22:12:18    114 mW   2035 mW      0 mW    517 mW    738 mW    901 mW      7 mW    340 mW      2 mW      2 mW      0 mW
  22:12:18    119 mW   2178 mW      0 mW    597 mW    838 mW   1029 mW      9 mW    320 mW      2 mW      2 mW      0 mW
  22:12:19    126 mW   2085 mW      0 mW    549 mW    774 mW    895 mW      9 mW    330 mW      2 mW      2 mW      0 mW
  22:12:19    145 mW   2206 mW      0 mW    595 mW    801 mW    981 mW     12 mW    330 mW      2 mW      0 mW      0 mW
  22:12:20    101 mW   1885 mW      0 mW    489 mW    689 mW    891 mW      7 mW    309 mW      2 mW      2 mW      0 mW
  22:12:20    127 mW   1932 mW      0 mW    520 mW    767 mW    918 mW      9 mW    345 mW      2 mW      2 mW      0 mW
  22:12:20    125 mW   2007 mW      0 mW    502 mW    715 mW    834 mW      9 mW    327 mW      0 mW      2 mW      0 mW
  22:12:21    108 mW   1961 mW      0 mW    522 mW    797 mW    938 mW      9 mW    327 mW      2 mW      2 mW      0 mW
  22:12:21    126 mW   1983 mW      0 mW    486 mW    731 mW    784 mW      9 mW    312 mW      2 mW      2 mW      0 mW
  22:12:22    122 mW   2000 mW      0 mW    484 mW    688 mW    877 mW      8 mW    314 mW      2 mW      2 mW      0 mW
  22:12:22    130 mW   2265 mW      0 mW    637 mW    862 mW    973 mW     11 mW    345 mW      2 mW      2 mW      0 mW
  22:12:23    128 mW   2553 mW      0 mW    620 mW    924 mW   1001 mW      9 mW    339 mW      2 mW      2 mW      0 mW
  22:12:23    269 mW   2527 mW      0 mW    736 mW   1269 mW   1306 mW     19 mW    327 mW      2 mW      0 mW      0 mW
  22:12:24    255 mW   2193 mW      0 mW    567 mW   1047 mW   1029 mW     20 mW    317 mW      2 mW      2 mW      0 mW
  22:12:24    271 mW   2237 mW      0 mW    576 mW   1056 mW    949 mW     21 mW    337 mW      0 mW      2 mW      0 mW
  22:12:24    244 mW   2010 mW      0 mW    535 mW    991 mW    977 mW     19 mW    329 mW      2 mW      2 mW      0 mW
  22:12:25    251 mW   1882 mW      0 mW    481 mW    916 mW    844 mW     20 mW    316 mW      2 mW      2 mW      0 mW
  22:12:25    268 mW   2034 mW      0 mW    530 mW   1010 mW    930 mW     19 mW    342 mW      2 mW      2 mW      0 mW
  22:12:26    252 mW   1777 mW      0 mW    507 mW    946 mW    990 mW     19 mW    322 mW      2 mW      2 mW      0 mW
  22:12:26    259 mW   1784 mW      0 mW    491 mW    951 mW    946 mW     22 mW    315 mW      2 mW      0 mW      0 mW
  22:12:27    269 mW   1842 mW      0 mW    531 mW   1014 mW   1003 mW     19 mW    341 mW      2 mW      2 mW      0 mW
  22:12:27    264 mW   1841 mW      0 mW    524 mW    956 mW    975 mW     21 mW    326 mW      0 mW      2 mW      0 mW
  22:12:27    265 mW   1842 mW      0 mW    501 mW    946 mW    916 mW     21 mW    325 mW      2 mW      2 mW      0 mW
  22:12:28    262 mW   1773 mW      0 mW    496 mW    999 mW    907 mW     21 mW    332 mW      2 mW      2 mW      0 mW
  22:12:28    268 mW   1938 mW      0 mW    581 mW   1045 mW   1143 mW     19 mW    330 mW      2 mW      2 mW      0 mW
  22:12:29    239 mW   1767 mW      0 mW    492 mW    957 mW    915 mW     19 mW    323 mW      2 mW      2 mW      0 mW
  22:12:29    261 mW   1723 mW      0 mW    452 mW    923 mW    836 mW     20 mW    316 mW      2 mW      2 mW      0 mW
  22:12:30    267 mW   1606 mW      0 mW    436 mW    961 mW    810 mW     21 mW    335 mW      2 mW      0 mW      0 mW
  22:12:30    267 mW   1879 mW      0 mW    540 mW   1016 mW    948 mW     21 mW    335 mW      2 mW      2 mW      0 mW
  22:12:30    260 mW   1866 mW      0 mW    482 mW    970 mW    854 mW     19 mW    325 mW      0 mW      2 mW      0 mW
  22:12:31    310 mW   1870 mW      0 mW    494 mW   1036 mW    795 mW     23 mW    327 mW      2 mW      2 mW      0 mW
  22:12:31    382 mW   1973 mW      0 mW    561 mW   1175 mW    964 mW     28 mW    326 mW      2 mW      2 mW      0 mW
  22:12:32    368 mW   1823 mW      0 mW    491 mW   1134 mW    793 mW     30 mW    325 mW      2 mW      2 mW      0 mW
  22:12:32    411 mW   1970 mW      0 mW    524 mW   1112 mW    847 mW     31 mW    314 mW      2 mW      2 mW      0 mW
  22:12:33    491 mW   1856 mW      0 mW    487 mW   1067 mW    873 mW     49 mW    344 mW      2 mW      0 mW      0 mW
  22:12:33    461 mW   2166 mW      0 mW    581 mW   1144 mW   1077 mW     41 mW    334 mW      2 mW      2 mW      0 mW
  22:12:34    367 mW   1853 mW      0 mW    499 mW   1071 mW    976 mW     29 mW    307 mW      0 mW      2 mW      0 mW
  22:12:34    398 mW   1938 mW      0 mW    542 mW   1174 mW    980 mW     28 mW    346 mW      2 mW      2 mW      0 mW
  22:12:34    381 mW   2076 mW      0 mW    555 mW   1132 mW   1004 mW     28 mW    323 mW      2 mW      2 mW      0 mW
  22:12:35    406 mW   1740 mW      0 mW    425 mW   1074 mW    719 mW     33 mW    327 mW      2 mW      2 mW      0 mW
  22:12:35    423 mW   2058 mW      0 mW    548 mW   1125 mW    971 mW     37 mW    327 mW      2 mW      2 mW      0 mW
  22:12:36    368 mW   1825 mW      0 mW    510 mW   1099 mW    986 mW     28 mW    322 mW      2 mW      0 mW      0 mW
  22:12:36    401 mW   1783 mW      0 mW    500 mW   1073 mW    910 mW     29 mW    317 mW      2 mW      2 mW      0 mW
  22:12:37    482 mW   1782 mW      0 mW    469 mW   1052 mW    814 mW     46 mW    340 mW      0 mW      2 mW      0 mW
  22:12:37    484 mW   1899 mW      0 mW    543 mW   1123 mW   1004 mW     40 mW    333 mW      2 mW      2 mW      0 mW
  22:12:37    443 mW   1926 mW      0 mW    553 mW   1100 mW   1030 mW     40 mW    322 mW      2 mW      2 mW      0 mW
  22:12:38    330 mW   1738 mW      0 mW    442 mW   1126 mW    720 mW     26 mW    329 mW      2 mW      2 mW      0 mW
  22:12:38    388 mW   1930 mW      0 mW    530 mW   1130 mW    975 mW     30 mW    326 mW      2 mW      2 mW      0 mW
  22:12:39    448 mW   1813 mW      0 mW    496 mW   1069 mW    934 mW     37 mW    326 mW      2 mW      0 mW      0 mW
  22:12:39    537 mW   1919 mW      0 mW    543 mW   1172 mW   1013 mW     47 mW    328 mW      2 mW      2 mW      0 mW
  22:12:40    592 mW   1927 mW      0 mW    540 mW   1205 mW   1057 mW     58 mW    327 mW      0 mW      2 mW      0 mW
  22:12:40    518 mW   1814 mW      0 mW    469 mW   1158 mW    817 mW     51 mW    322 mW      2 mW      2 mW      0 mW
  22:12:40    594 mW   1949 mW      0 mW    554 mW   1199 mW   1049 mW     59 mW    332 mW      2 mW      2 mW      0 mW
  22:12:41    486 mW   1968 mW      0 mW    495 mW   1135 mW    875 mW     42 mW    325 mW      2 mW      2 mW      0 mW
  22:12:41    532 mW   1896 mW      0 mW    492 mW   1166 mW    855 mW     40 mW    327 mW      2 mW      2 mW      0 mW
  22:12:42    474 mW   1690 mW      0 mW    449 mW   1164 mW    805 mW     35 mW    328 mW      2 mW      0 mW      0 mW
  22:12:42    547 mW   1923 mW      0 mW    537 mW   1197 mW    985 mW     45 mW    328 mW      2 mW      2 mW      0 mW
  22:12:42    492 mW   1881 mW      0 mW    479 mW   1177 mW    833 mW     38 mW    327 mW      0 mW      2 mW      0 mW
  22:12:43    473 mW   1895 mW      0 mW    537 mW   1218 mW    874 mW     33 mW    326 mW      2 mW      2 mW      0 mW
  22:12:43    554 mW   1876 mW      0 mW    529 mW   1164 mW   1032 mW     52 mW    330 mW      2 mW      2 mW      0 mW
  22:12:44    489 mW   1839 mW      0 mW    488 mW   1181 mW    831 mW     38 mW    326 mW      2 mW      2 mW      0 mW
  22:12:44    543 mW   2089 mW      0 mW    581 mW   1212 mW   1048 mW     44 mW    327 mW      2 mW      2 mW      0 mW
  22:12:45    506 mW   1940 mW      0 mW    510 mW   1223 mW    827 mW     41 mW    327 mW      2 mW      0 mW      0 mW
  22:12:45    496 mW   1987 mW      0 mW    531 mW   1176 mW    967 mW     37 mW    324 mW      2 mW      2 mW      0 mW
  22:12:45    491 mW   4692 mW      0 mW    735 mW   1368 mW   1171 mW     34 mW    318 mW      0 mW      2 mW      0 mW
  22:12:46    522 mW   1912 mW      0 mW    553 mW   1232 mW   1086 mW     42 mW    341 mW      2 mW      2 mW      0 mW
  22:12:46    533 mW   2070 mW      0 mW    544 mW   1191 mW   1034 mW     47 mW    323 mW      2 mW      2 mW      0 mW
  22:12:47    526 mW   1855 mW      0 mW    491 mW   1173 mW    943 mW     40 mW    326 mW      2 mW      2 mW      0 mW
  22:12:47   2127 mW   1934 mW      0 mW    740 mW   1346 mW   1791 mW    145 mW    328 mW      2 mW      2 mW      0 mW
  22:12:48   1936 mW   1661 mW      0 mW    656 mW   1249 mW   1733 mW    138 mW    314 mW      2 mW      0 mW      0 mW
  22:12:48   2158 mW   1860 mW      0 mW    728 mW   1369 mW   1907 mW    154 mW    346 mW      2 mW      2 mW      0 mW
  22:12:48   2048 mW   1826 mW      0 mW    680 mW   1283 mW   1800 mW    144 mW    326 mW      0 mW      2 mW      0 mW
  22:12:49   2030 mW   1923 mW      0 mW    694 mW   1311 mW   1827 mW    146 mW    332 mW      2 mW      2 mW      0 mW
  22:12:49   2009 mW   1933 mW      0 mW    675 mW   1270 mW   1777 mW    142 mW    322 mW      2 mW      2 mW      0 mW
  22:12:50   2070 mW   1970 mW      0 mW    709 mW   1321 mW   1839 mW    148 mW    336 mW      2 mW      2 mW      0 mW
  22:12:50   2142 mW   2003 mW      0 mW    725 mW   1306 mW   1813 mW    146 mW    322 mW      2 mW      0 mW      0 mW
  22:12:51   2031 mW   1827 mW      0 mW    681 mW   1303 mW   1820 mW    148 mW    334 mW      2 mW      2 mW      0 mW
  22:12:51   2119 mW   2273 mW      0 mW    791 mW   1389 mW   1862 mW    146 mW    327 mW      0 mW      2 mW      0 mW
  22:12:51   2028 mW   2157 mW      0 mW    780 mW   1372 mW   1826 mW    144 mW    324 mW      2 mW      2 mW      0 mW
  22:12:52   2044 mW   2051 mW      0 mW    748 mW   1372 mW   1849 mW    149 mW    331 mW      2 mW      2 mW      0 mW
  22:12:52   2103 mW   2378 mW      0 mW    837 mW   1485 mW   1859 mW    146 mW    328 mW      2 mW      2 mW      0 mW
  22:12:53   2000 mW   1998 mW      0 mW    740 mW   1388 mW   1807 mW    143 mW    321 mW      2 mW      2 mW      0 mW
  22:12:53   2099 mW   1888 mW      0 mW    749 mW   1358 mW   1820 mW    147 mW    327 mW      2 mW      0 mW      0 mW
  22:12:54   1997 mW   1877 mW      0 mW    712 mW   1300 mW   1731 mW    139 mW    310 mW      0 mW      2 mW      0 mW
  22:12:54   2236 mW   2013 mW      0 mW    754 mW   1425 mW   1926 mW    152 mW    349 mW      2 mW      2 mW      0 mW
  22:12:54   2030 mW   1975 mW      0 mW    680 mW   1290 mW   1792 mW    145 mW    323 mW      2 mW      2 mW      0 mW
  22:12:55   1615 mW   1582 mW      0 mW    568 mW   1094 mW   1502 mW    118 mW    314 mW      2 mW      2 mW      0 mW
  22:12:55    200 mW   1914 mW      0 mW    518 mW    708 mW    969 mW     18 mW    325 mW      2 mW      2 mW      0 mW
  22:12:56    119 mW   1620 mW      0 mW    431 mW    771 mW    849 mW      9 mW    327 mW      2 mW      2 mW      0 mW
  22:12:56    143 mW   1688 mW      0 mW    470 mW    771 mW    920 mW     12 mW    349 mW      2 mW      0 mW      0 mW
  22:12:57    110 mW   1510 mW      0 mW    384 mW    647 mW    775 mW      9 mW    311 mW      2 mW      2 mW      0 mW
  22:12:57    159 mW   1801 mW      0 mW    513 mW    814 mW    985 mW     12 mW    349 mW      2 mW      2 mW      0 mW
  22:12:57    135 mW   1606 mW      0 mW    370 mW    633 mW    659 mW      9 mW    324 mW      0 mW      2 mW      0 mW
  22:12:58    107 mW   1643 mW      0 mW    465 mW    797 mW    956 mW      9 mW    334 mW      2 mW      2 mW      0 mW
  22:12:58    159 mW   1968 mW      0 mW    440 mW    691 mW    754 mW     12 mW    330 mW      2 mW      2 mW      0 mW
  22:12:59    135 mW   1797 mW      0 mW    527 mW    897 mW   1019 mW     12 mW    326 mW      2 mW      2 mW      0 mW
  22:12:59    135 mW   1755 mW      0 mW    470 mW    747 mW    901 mW      9 mW    314 mW      2 mW      2 mW      0 mW
  22:13:00    123 mW   1525 mW      0 mW    394 mW    703 mW    773 mW     12 mW    343 mW      2 mW      0 mW      0 mW
  22:13:00    157 mW   1693 mW      0 mW    505 mW    868 mW   1032 mW     12 mW    332 mW      2 mW      2 mW      0 mW
  22:13:00    125 mW   1590 mW      0 mW    412 mW    705 mW    777 mW      7 mW    326 mW      0 mW      2 mW      0 mW
  22:13:01    106 mW   1469 mW      0 mW    368 mW    654 mW    762 mW      9 mW    317 mW      2 mW      2 mW      0 mW
  22:13:01    149 mW   1594 mW      0 mW    403 mW    667 mW    767 mW     12 mW    341 mW      2 mW      2 mW      0 mW
  22:13:02    121 mW   1387 mW      0 mW    346 mW    673 mW    719 mW      9 mW    327 mW      2 mW      2 mW      0 mW
  22:13:02    146 mW   1715 mW      0 mW    455 mW    743 mW    794 mW     12 mW    332 mW      2 mW      2 mW      0 mW
  22:13:03    115 mW   1521 mW      0 mW    391 mW    738 mW    716 mW      9 mW    316 mW      2 mW      0 mW      0 mW
  22:13:03    157 mW   1720 mW      0 mW    514 mW    869 mW   1027 mW     12 mW    344 mW      2 mW      2 mW      0 mW
  22:13:04    119 mW   1643 mW      0 mW    400 mW    719 mW    792 mW      9 mW    327 mW      2 mW      2 mW      0 mW
  22:13:04    137 mW   1645 mW      0 mW    471 mW    829 mW    913 mW      9 mW    334 mW      0 mW      2 mW      0 mW
  22:13:04    132 mW   1721 mW      0 mW    467 mW    767 mW    808 mW     12 mW    321 mW      2 mW      2 mW      0 mW
