# IOReport telemetry  interval=1000ms  csv=/Users/vanreece/dev/metal_ml_lab/experiments/008-ioreport-vs-powermetrics-power/raw/20260428T170422-ioreport.csv
# Ctrl-C to stop
# time        gpu mW    cpu mW    ane mW   dram mW   amcc mW    dcs mW    afr mW   disp mW    isp mW    ave mW  gpu_sram mW
  17:04:24    109 mW    803 mW      0 mW    379 mW    574 mW    452 mW      9 mW    316 mW      2 mW      3 mW      0 mW
  17:04:25     99 mW   1509 mW      0 mW    484 mW    665 mW    689 mW      8 mW    323 mW      3 mW      2 mW      0 mW
  17:04:27     98 mW   1011 mW      0 mW    345 mW    605 mW    472 mW      8 mW    321 mW      2 mW      2 mW      0 mW
  17:04:28    109 mW    855 mW      0 mW    301 mW    539 mW    424 mW      9 mW    323 mW      2 mW      3 mW      0 mW
  17:04:29    110 mW    794 mW      0 mW    291 mW    536 mW    381 mW      9 mW    325 mW      3 mW      2 mW      0 mW
  17:04:30    108 mW    812 mW      0 mW    293 mW    520 mW    433 mW      9 mW    322 mW      2 mW      2 mW      0 mW
  17:04:31    105 mW    786 mW      0 mW    297 mW    520 mW    438 mW      8 mW    318 mW      2 mW      3 mW      0 mW
  17:04:33    112 mW    752 mW      0 mW    269 mW    503 mW    399 mW      8 mW    328 mW      3 mW      2 mW      0 mW
  17:04:34    103 mW    731 mW      0 mW    263 mW    501 mW    388 mW      8 mW    324 mW      2 mW      2 mW      0 mW
  17:04:35    110 mW    717 mW      0 mW    276 mW    531 mW    447 mW      9 mW    323 mW      3 mW      3 mW      0 mW
  17:04:36    110 mW    812 mW      0 mW    271 mW    516 mW    361 mW      9 mW    325 mW      2 mW      2 mW      0 mW
  17:04:37    103 mW    915 mW      0 mW    314 mW    561 mW    452 mW      8 mW    320 mW      2 mW      3 mW      0 mW
  17:04:38    103 mW    835 mW      0 mW    297 mW    557 mW    415 mW      8 mW    324 mW      3 mW      2 mW      0 mW
  17:04:40    109 mW    757 mW      0 mW    271 mW    508 mW    382 mW      8 mW    318 mW      2 mW      2 mW      0 mW
  17:04:41    116 mW    741 mW      0 mW    289 mW    538 mW    437 mW      9 mW    330 mW      2 mW      3 mW      0 mW
  17:04:42    156 mW    885 mW      0 mW    331 mW    681 mW    528 mW     12 mW    323 mW      3 mW      2 mW      0 mW
  17:04:43    223 mW    765 mW      0 mW    299 mW    728 mW    448 mW     18 mW    323 mW      2 mW      2 mW      0 mW
  17:04:44    215 mW    942 mW      0 mW    333 mW    778 mW    510 mW     17 mW    321 mW      2 mW      3 mW      0 mW
  17:04:46    222 mW    708 mW      0 mW    326 mW    797 mW    570 mW     18 mW    323 mW      3 mW      2 mW      0 mW
  17:04:47    215 mW    691 mW      0 mW    302 mW    729 mW    492 mW     17 mW    317 mW      2 mW      2 mW      0 mW
  17:04:48    214 mW    897 mW      0 mW    393 mW    885 mW    622 mW     17 mW    327 mW      3 mW      3 mW      0 mW
  17:04:49    214 mW    823 mW      0 mW    337 mW    835 mW    479 mW     17 mW    324 mW      2 mW      2 mW      0 mW
  17:04:50    299 mW    778 mW      0 mW    382 mW   1006 mW    609 mW     24 mW    322 mW      2 mW      3 mW      0 mW
  17:04:51    325 mW    811 mW      0 mW    380 mW   1048 mW    580 mW     26 mW    322 mW      3 mW      2 mW      0 mW
  17:04:53    340 mW    874 mW      0 mW    360 mW   1024 mW    523 mW     29 mW    321 mW      2 mW      2 mW      0 mW
  17:04:54    331 mW    792 mW      0 mW    367 mW    997 mW    546 mW     26 mW    322 mW      2 mW      3 mW      0 mW
  17:04:55    342 mW    737 mW      0 mW    358 mW    961 mW    598 mW     27 mW    317 mW      3 mW      2 mW      0 mW
  17:04:56    357 mW    758 mW      0 mW    371 mW   1005 mW    613 mW     31 mW    328 mW      2 mW      2 mW      0 mW
  17:04:57    328 mW    720 mW      0 mW    336 mW    970 mW    515 mW     26 mW    322 mW      2 mW      3 mW      0 mW
  17:04:59    434 mW    729 mW      0 mW    384 mW   1071 mW    648 mW     42 mW    321 mW      3 mW      2 mW      0 mW
  17:05:00    406 mW    738 mW      0 mW    390 mW   1105 mW    590 mW     32 mW    323 mW      2 mW      2 mW      0 mW
  17:05:01    418 mW    992 mW      0 mW    431 mW   1095 mW    772 mW     34 mW    321 mW      3 mW      3 mW      0 mW
  17:05:02    413 mW    744 mW      0 mW    368 mW   1057 mW    576 mW     36 mW    319 mW      2 mW      2 mW      0 mW
  17:05:03    408 mW    851 mW      0 mW    433 mW   1104 mW    742 mW     33 mW    323 mW      2 mW      3 mW      0 mW
  17:05:04    411 mW    759 mW      0 mW    389 mW   1083 mW    646 mW     33 mW    321 mW      3 mW      2 mW      0 mW
  17:05:06    529 mW    671 mW      0 mW    391 mW   1071 mW    732 mW     41 mW    314 mW      2 mW      2 mW      0 mW
  17:05:07   1883 mW   1181 mW      0 mW    689 mW   1344 mW   1860 mW    139 mW    338 mW      3 mW      3 mW      0 mW
  17:05:08   2149 mW   1674 mW      0 mW    734 mW   1354 mW   1863 mW    155 mW    336 mW      2 mW      2 mW      0 mW
  17:05:09   2438 mW   2052 mW      0 mW    790 mW   1353 mW   1862 mW    174 mW    329 mW      2 mW      3 mW      0 mW
  17:05:10   2472 mW   1734 mW      0 mW    816 mW   1385 mW   1867 mW    176 mW    329 mW      3 mW      2 mW      0 mW
  17:05:12   2626 mW   6545 mW      0 mW   1008 mW   1557 mW   1953 mW    175 mW    327 mW      2 mW      2 mW      0 mW
  17:05:13   2414 mW   3393 mW      0 mW    830 mW   1373 mW   1845 mW    169 mW    321 mW      2 mW      2 mW      0 mW
  17:05:14   1573 mW   1086 mW      0 mW    532 mW    960 mW   1205 mW    119 mW    329 mW      2 mW      2 mW      0 mW
  17:05:15    319 mW   1343 mW      0 mW    378 mW    634 mW    480 mW     24 mW    337 mW      2 mW      2 mW      0 mW
  17:05:16    403 mW   5032 mW      0 mW    707 mW   1054 mW   1264 mW     28 mW    326 mW      3 mW      3 mW      0 mW
  17:05:18    350 mW   1280 mW      0 mW    431 mW    683 mW    668 mW     24 mW    329 mW      2 mW      2 mW      0 mW
  17:05:19    379 mW   1395 mW      0 mW    424 mW    683 mW    603 mW     26 mW    327 mW      2 mW      2 mW      0 mW
  17:05:20    356 mW   1097 mW      0 mW    387 mW    621 mW    544 mW     26 mW    331 mW      3 mW      2 mW      0 mW
  17:05:21    391 mW   1185 mW      0 mW    416 mW    637 mW    487 mW     29 mW    331 mW      2 mW      2 mW      0 mW
  17:05:22    341 mW   1133 mW      0 mW    423 mW    604 mW    560 mW     27 mW    326 mW      2 mW      3 mW      0 mW
